17:13:18,232  INFO Version:37 - HHH000412: Hibernate Core {5.0.1.Final}
17:13:18,235  INFO Environment:213 - HHH000206: hibernate.properties not found
17:13:18,236  INFO Environment:317 - HHH000021: Bytecode provider name : javassist
17:13:18,265  WARN deprecation:91 - HHH90000012: Recognized obsolete hibernate namespace http://hibernate.sourceforge.net/hibernate-configuration. Use namespace http://www.hibernate.org/dtd/hibernate-configuration instead.  Support for obsolete DTD/XSD namespaces may be removed at any time.
17:13:18,452  INFO Version:66 - HCANN000001: Hibernate Commons Annotations {5.0.0.Final}
17:13:18,472 DEBUG BasicTypeRegistry:135 - Adding type registration boolean -> org.hibernate.type.BooleanType@16e6127
17:13:18,473 DEBUG BasicTypeRegistry:135 - Adding type registration boolean -> org.hibernate.type.BooleanType@16e6127
17:13:18,473 DEBUG BasicTypeRegistry:135 - Adding type registration java.lang.Boolean -> org.hibernate.type.BooleanType@16e6127
17:13:18,474 DEBUG BasicTypeRegistry:135 - Adding type registration numeric_boolean -> org.hibernate.type.NumericBooleanType@5d7e06
17:13:18,475 DEBUG BasicTypeRegistry:135 - Adding type registration true_false -> org.hibernate.type.TrueFalseType@1173e3d
17:13:18,476 DEBUG BasicTypeRegistry:135 - Adding type registration yes_no -> org.hibernate.type.YesNoType@e99a3d
17:13:18,477 DEBUG BasicTypeRegistry:135 - Adding type registration byte -> org.hibernate.type.ByteType@c3b8a3
17:13:18,477 DEBUG BasicTypeRegistry:135 - Adding type registration byte -> org.hibernate.type.ByteType@c3b8a3
17:13:18,477 DEBUG BasicTypeRegistry:135 - Adding type registration java.lang.Byte -> org.hibernate.type.ByteType@c3b8a3
17:13:18,478 DEBUG BasicTypeRegistry:135 - Adding type registration character -> org.hibernate.type.CharacterType@d52852
17:13:18,478 DEBUG BasicTypeRegistry:135 - Adding type registration char -> org.hibernate.type.CharacterType@d52852
17:13:18,478 DEBUG BasicTypeRegistry:135 - Adding type registration java.lang.Character -> org.hibernate.type.CharacterType@d52852
17:13:18,480 DEBUG BasicTypeRegistry:135 - Adding type registration short -> org.hibernate.type.ShortType@1919c1f
17:13:18,480 DEBUG BasicTypeRegistry:135 - Adding type registration short -> org.hibernate.type.ShortType@1919c1f
17:13:18,481 DEBUG BasicTypeRegistry:135 - Adding type registration java.lang.Short -> org.hibernate.type.ShortType@1919c1f
17:13:18,482 DEBUG BasicTypeRegistry:135 - Adding type registration integer -> org.hibernate.type.IntegerType@c08a64
17:13:18,482 DEBUG BasicTypeRegistry:135 - Adding type registration int -> org.hibernate.type.IntegerType@c08a64
17:13:18,482 DEBUG BasicTypeRegistry:135 - Adding type registration java.lang.Integer -> org.hibernate.type.IntegerType@c08a64
17:13:18,484 DEBUG BasicTypeRegistry:135 - Adding type registration long -> org.hibernate.type.LongType@b95c08
17:13:18,484 DEBUG BasicTypeRegistry:135 - Adding type registration long -> org.hibernate.type.LongType@b95c08
17:13:18,484 DEBUG BasicTypeRegistry:135 - Adding type registration java.lang.Long -> org.hibernate.type.LongType@b95c08
17:13:18,485 DEBUG BasicTypeRegistry:135 - Adding type registration float -> org.hibernate.type.FloatType@1c7a25d
17:13:18,485 DEBUG BasicTypeRegistry:135 - Adding type registration float -> org.hibernate.type.FloatType@1c7a25d
17:13:18,486 DEBUG BasicTypeRegistry:135 - Adding type registration java.lang.Float -> org.hibernate.type.FloatType@1c7a25d
17:13:18,487 DEBUG BasicTypeRegistry:135 - Adding type registration double -> org.hibernate.type.DoubleType@142e40c
17:13:18,487 DEBUG BasicTypeRegistry:135 - Adding type registration double -> org.hibernate.type.DoubleType@142e40c
17:13:18,487 DEBUG BasicTypeRegistry:135 - Adding type registration java.lang.Double -> org.hibernate.type.DoubleType@142e40c
17:13:18,489 DEBUG BasicTypeRegistry:135 - Adding type registration big_decimal -> org.hibernate.type.BigDecimalType@123fca5
17:13:18,489 DEBUG BasicTypeRegistry:135 - Adding type registration java.math.BigDecimal -> org.hibernate.type.BigDecimalType@123fca5
17:13:18,490 DEBUG BasicTypeRegistry:135 - Adding type registration big_integer -> org.hibernate.type.BigIntegerType@658a39
17:13:18,490 DEBUG BasicTypeRegistry:135 - Adding type registration java.math.BigInteger -> org.hibernate.type.BigIntegerType@658a39
17:13:18,494 DEBUG BasicTypeRegistry:135 - Adding type registration string -> org.hibernate.type.StringType@6e1cbf
17:13:18,494 DEBUG BasicTypeRegistry:135 - Adding type registration java.lang.String -> org.hibernate.type.StringType@6e1cbf
17:13:18,495 DEBUG BasicTypeRegistry:135 - Adding type registration nstring -> org.hibernate.type.StringNVarcharType@4ce1cd
17:13:18,496 DEBUG BasicTypeRegistry:135 - Adding type registration ncharacter -> org.hibernate.type.CharacterNCharType@1a78257
17:13:18,497 DEBUG BasicTypeRegistry:135 - Adding type registration url -> org.hibernate.type.UrlType@5eebbe
17:13:18,497 DEBUG BasicTypeRegistry:135 - Adding type registration java.net.URL -> org.hibernate.type.UrlType@5eebbe
17:13:18,499 DEBUG BasicTypeRegistry:135 - Adding type registration date -> org.hibernate.type.DateType@623a98
17:13:18,499 DEBUG BasicTypeRegistry:135 - Adding type registration java.sql.Date -> org.hibernate.type.DateType@623a98
17:13:18,501 DEBUG BasicTypeRegistry:135 - Adding type registration time -> org.hibernate.type.TimeType@d07fb2
17:13:18,501 DEBUG BasicTypeRegistry:135 - Adding type registration java.sql.Time -> org.hibernate.type.TimeType@d07fb2
17:13:18,502 DEBUG BasicTypeRegistry:135 - Adding type registration timestamp -> org.hibernate.type.TimestampType@1331b
17:13:18,503 DEBUG BasicTypeRegistry:135 - Adding type registration java.sql.Timestamp -> org.hibernate.type.TimestampType@1331b
17:13:18,503 DEBUG BasicTypeRegistry:135 - Adding type registration java.util.Date -> org.hibernate.type.TimestampType@1331b
17:13:18,505 DEBUG BasicTypeRegistry:135 - Adding type registration dbtimestamp -> org.hibernate.type.DbTimestampType@8a0198
17:13:18,506 DEBUG BasicTypeRegistry:135 - Adding type registration calendar -> org.hibernate.type.CalendarType@1f7fcd0
17:13:18,506 DEBUG BasicTypeRegistry:135 - Adding type registration java.util.Calendar -> org.hibernate.type.CalendarType@1f7fcd0
17:13:18,506 DEBUG BasicTypeRegistry:135 - Adding type registration java.util.GregorianCalendar -> org.hibernate.type.CalendarType@1f7fcd0
17:13:18,507 DEBUG BasicTypeRegistry:135 - Adding type registration calendar_date -> org.hibernate.type.CalendarDateType@1459b26
17:13:18,508 DEBUG BasicTypeRegistry:135 - Adding type registration locale -> org.hibernate.type.LocaleType@1597115
17:13:18,508 DEBUG BasicTypeRegistry:135 - Adding type registration java.util.Locale -> org.hibernate.type.LocaleType@1597115
17:13:18,509 DEBUG BasicTypeRegistry:135 - Adding type registration currency -> org.hibernate.type.CurrencyType@1461829
17:13:18,509 DEBUG BasicTypeRegistry:135 - Adding type registration java.util.Currency -> org.hibernate.type.CurrencyType@1461829
17:13:18,510 DEBUG BasicTypeRegistry:135 - Adding type registration timezone -> org.hibernate.type.TimeZoneType@a590d1
17:13:18,510 DEBUG BasicTypeRegistry:135 - Adding type registration java.util.TimeZone -> org.hibernate.type.TimeZoneType@a590d1
17:13:18,511 DEBUG BasicTypeRegistry:135 - Adding type registration class -> org.hibernate.type.ClassType@90b93b
17:13:18,511 DEBUG BasicTypeRegistry:135 - Adding type registration java.lang.Class -> org.hibernate.type.ClassType@90b93b
17:13:18,512 DEBUG BasicTypeRegistry:135 - Adding type registration uuid-binary -> org.hibernate.type.UUIDBinaryType@103b09a
17:13:18,512 DEBUG BasicTypeRegistry:135 - Adding type registration java.util.UUID -> org.hibernate.type.UUIDBinaryType@103b09a
17:13:18,512 DEBUG BasicTypeRegistry:135 - Adding type registration uuid-char -> org.hibernate.type.UUIDCharType@e77cbd
17:13:18,513 DEBUG BasicTypeRegistry:135 - Adding type registration binary -> org.hibernate.type.BinaryType@4c18ac
17:13:18,513 DEBUG BasicTypeRegistry:135 - Adding type registration byte[] -> org.hibernate.type.BinaryType@4c18ac
17:13:18,514 DEBUG BasicTypeRegistry:135 - Adding type registration [B -> org.hibernate.type.BinaryType@4c18ac
17:13:18,514 DEBUG BasicTypeRegistry:135 - Adding type registration wrapper-binary -> org.hibernate.type.WrapperBinaryType@1193540
17:13:18,515 DEBUG BasicTypeRegistry:135 - Adding type registration Byte[] -> org.hibernate.type.WrapperBinaryType@1193540
17:13:18,515 DEBUG BasicTypeRegistry:135 - Adding type registration [Ljava.lang.Byte; -> org.hibernate.type.WrapperBinaryType@1193540
17:13:18,515 DEBUG BasicTypeRegistry:135 - Adding type registration image -> org.hibernate.type.ImageType@13a03b0
17:13:18,516 DEBUG BasicTypeRegistry:135 - Adding type registration characters -> org.hibernate.type.CharArrayType@169390
17:13:18,516 DEBUG BasicTypeRegistry:135 - Adding type registration char[] -> org.hibernate.type.CharArrayType@169390
17:13:18,516 DEBUG BasicTypeRegistry:135 - Adding type registration [C -> org.hibernate.type.CharArrayType@169390
17:13:18,517 DEBUG BasicTypeRegistry:135 - Adding type registration wrapper-characters -> org.hibernate.type.CharacterArrayType@1513d1e
17:13:18,517 DEBUG BasicTypeRegistry:135 - Adding type registration [Ljava.lang.Character; -> org.hibernate.type.CharacterArrayType@1513d1e
17:13:18,517 DEBUG BasicTypeRegistry:135 - Adding type registration Character[] -> org.hibernate.type.CharacterArrayType@1513d1e
17:13:18,518 DEBUG BasicTypeRegistry:135 - Adding type registration text -> org.hibernate.type.TextType@11879ea
17:13:18,518 DEBUG BasicTypeRegistry:135 - Adding type registration ntext -> org.hibernate.type.NTextType@52a793
17:13:18,522 DEBUG BasicTypeRegistry:135 - Adding type registration blob -> org.hibernate.type.BlobType@165c301
17:13:18,522 DEBUG BasicTypeRegistry:135 - Adding type registration java.sql.Blob -> org.hibernate.type.BlobType@165c301
17:13:18,522 DEBUG BasicTypeRegistry:135 - Adding type registration materialized_blob -> org.hibernate.type.MaterializedBlobType@da37aa
17:13:18,525 DEBUG BasicTypeRegistry:135 - Adding type registration clob -> org.hibernate.type.ClobType@1ce3a26
17:13:18,525 DEBUG BasicTypeRegistry:135 - Adding type registration java.sql.Clob -> org.hibernate.type.ClobType@1ce3a26
17:13:18,528 DEBUG BasicTypeRegistry:135 - Adding type registration nclob -> org.hibernate.type.NClobType@71a9f3
17:13:18,530 DEBUG BasicTypeRegistry:135 - Adding type registration java.sql.NClob -> org.hibernate.type.NClobType@71a9f3
17:13:18,530 DEBUG BasicTypeRegistry:135 - Adding type registration materialized_clob -> org.hibernate.type.MaterializedClobType@148f4ec
17:13:18,530 DEBUG BasicTypeRegistry:135 - Adding type registration materialized_nclob -> org.hibernate.type.MaterializedNClobType@1d072fc
17:13:18,531 DEBUG BasicTypeRegistry:135 - Adding type registration serializable -> org.hibernate.type.SerializableType@1cf4353
17:13:18,534 DEBUG BasicTypeRegistry:135 - Adding type registration object -> org.hibernate.type.ObjectType@3822fc
17:13:18,535 DEBUG BasicTypeRegistry:135 - Adding type registration java.lang.Object -> org.hibernate.type.ObjectType@3822fc
17:13:18,535 DEBUG BasicTypeRegistry:135 - Adding type registration imm_date -> org.hibernate.type.AdaptedImmutableType@1a2e547
17:13:18,535 DEBUG BasicTypeRegistry:135 - Adding type registration imm_time -> org.hibernate.type.AdaptedImmutableType@e99e46
17:13:18,535 DEBUG BasicTypeRegistry:135 - Adding type registration imm_timestamp -> org.hibernate.type.AdaptedImmutableType@1f2e206
17:13:18,536 DEBUG BasicTypeRegistry:135 - Adding type registration imm_dbtimestamp -> org.hibernate.type.AdaptedImmutableType@ebcda1
17:13:18,536 DEBUG BasicTypeRegistry:135 - Adding type registration imm_calendar -> org.hibernate.type.AdaptedImmutableType@54a99b
17:13:18,536 DEBUG BasicTypeRegistry:135 - Adding type registration imm_calendar_date -> org.hibernate.type.AdaptedImmutableType@1b3f1a
17:13:18,536 DEBUG BasicTypeRegistry:135 - Adding type registration imm_binary -> org.hibernate.type.AdaptedImmutableType@1b1e0f7
17:13:18,536 DEBUG BasicTypeRegistry:135 - Adding type registration imm_serializable -> org.hibernate.type.AdaptedImmutableType@dc1165
17:13:18,547  WARN DriverManagerConnectionProviderImpl:76 - HHH000402: Using Hibernate built-in connection pool (not for production use!)
17:13:18,556  INFO DriverManagerConnectionProviderImpl:149 - HHH000401: using driver [org.postgresql.Driver] at URL [jdbc:postgresql://localhost:5432/testHibernate]
17:13:18,557  INFO DriverManagerConnectionProviderImpl:158 - HHH000046: Connection properties: {user=test, password=****}
17:13:18,557  INFO DriverManagerConnectionProviderImpl:163 - HHH000006: Autocommit mode: false
17:13:18,558  INFO DriverManagerConnectionProviderImpl:85 - HHH000115: Hibernate connection pool size: 20 (min=1)
17:13:18,633  INFO Dialect:154 - HHH000400: Using dialect: org.hibernate.dialect.PostgreSQL9Dialect
17:13:18,791  INFO LobCreatorBuilderImpl:124 - HHH000424: Disabling contextual LOB creation as createClob() method threw error : java.lang.reflect.InvocationTargetException
17:13:18,792 DEBUG BasicTypeRegistry:135 - Adding type registration pg-uuid -> org.hibernate.type.PostgresUUIDType@1b2ba93
17:13:18,792 DEBUG BasicTypeRegistry:135 - Adding type registration java.util.UUID -> org.hibernate.type.PostgresUUIDType@1b2ba93
17:13:18,792  INFO BasicTypeRegistry:138 - HHH000270: Type registration [java.util.UUID] overrides previous : org.hibernate.type.UUIDBinaryType@103b09a
17:13:19,187 TRACE TypeFactory:54 - Scoping types to session factory org.hibernate.internal.SessionFactoryImpl@1e5bb3c
17:13:19,384  INFO SchemaExport:400 - HHH000227: Running hbm2ddl schema export
17:13:20,385  INFO SchemaExport:463 - HHH000230: Schema export complete
17:13:20,440 TRACE BasicBinder:64 - binding parameter [1] as [VARCHAR] - [stockCode1]
17:13:20,440 TRACE BasicBinder:64 - binding parameter [2] as [VARCHAR] - [stockName1]
17:13:20,448 TRACE BasicBinder:64 - binding parameter [1] as [VARCHAR] - [Java]
17:13:20,455 TRACE BasicBinder:64 - binding parameter [1] as [VARCHAR] - [compDescription1]
17:13:20,455 TRACE BasicBinder:64 - binding parameter [2] as [VARCHAR] - [compName1]
17:13:20,456 TRACE BasicBinder:64 - binding parameter [3] as [DATE] - [Mon Dec 21 17:13:20 EET 2015]
17:13:20,456 TRACE BasicBinder:64 - binding parameter [4] as [VARCHAR] - [remark1]
17:13:20,456 TRACE BasicBinder:64 - binding parameter [5] as [INTEGER] - [1]
17:13:20,458 TRACE BasicBinder:64 - binding parameter [1] as [VARCHAR] - [stockCode2]
17:13:20,458 TRACE BasicBinder:64 - binding parameter [2] as [VARCHAR] - [stockName2]
17:13:20,459 TRACE BasicBinder:64 - binding parameter [1] as [TIMESTAMP] - [Mon Dec 21 17:13:20 EET 2015]
17:13:20,459 TRACE BasicBinder:64 - binding parameter [2] as [FLOAT] - [19.0]
17:13:20,460 TRACE BasicBinder:64 - binding parameter [3] as [FLOAT] - [21.5]
17:13:20,460 TRACE BasicBinder:64 - binding parameter [4] as [FLOAT] - [15.9]
17:13:20,460 TRACE BasicBinder:64 - binding parameter [5] as [INTEGER] - [2]
17:13:20,460 TRACE BasicBinder:64 - binding parameter [6] as [BIGINT] - [19056]
17:13:20,462 TRACE BasicBinder:64 - binding parameter [1] as [VARCHAR] - [Vasilii]
17:13:20,462 TRACE BasicBinder:64 - binding parameter [2] as [VARCHAR] - [Vasiliev]
17:13:20,463 TRACE BasicBinder:64 - binding parameter [1] as [VARCHAR] - [Java 8 description]
17:13:20,463 TRACE BasicBinder:64 - binding parameter [2] as [VARCHAR] - [Java 8]
17:13:20,464 TRACE BasicBinder:64 - binding parameter [1] as [INTEGER] - [1]
17:13:20,465 TRACE BasicBinder:64 - binding parameter [2] as [INTEGER] - [1]
17:13:20,472 TRACE BasicBinder:64 - binding parameter [1] as [VARCHAR] - [Ivanov]
17:13:20,472 TRACE BasicBinder:64 - binding parameter [2] as [DATE] - [Mon Dec 21 17:13:20 EET 2015]
17:13:20,472 TRACE BasicBinder:64 - binding parameter [3] as [INTEGER] - [1]
17:13:20,473 TRACE BasicBinder:64 - binding parameter [4] as [INTEGER] - [1]
17:13:20,474 TRACE BasicBinder:64 - binding parameter [1] as [VARCHAR] - [group1]
17:13:20,474 TRACE BasicBinder:64 - binding parameter [2] as [BIGINT] - [2]
17:13:20,475 TRACE BasicBinder:64 - binding parameter [1] as [VARCHAR] - [vasya@mail.ru]
17:13:20,475 TRACE BasicBinder:64 - binding parameter [2] as [VARCHAR] - [password]
17:13:20,475 TRACE BasicBinder:64 - binding parameter [3] as [VARCHAR] - [username]
17:13:20,475 TRACE BasicBinder:64 - binding parameter [4] as [BIGINT] - [3]
17:13:20,476 TRACE BasicBinder:64 - binding parameter [1] as [BOOLEAN] - [false]
17:13:20,477 TRACE BasicBinder:64 - binding parameter [2] as [BIGINT] - [2]
17:13:20,477 TRACE BasicBinder:64 - binding parameter [3] as [DATE] - [Mon Dec 21 17:13:20 EET 2015]
17:13:20,477 TRACE BasicBinder:64 - binding parameter [4] as [BIGINT] - [3]
17:13:20,477 TRACE BasicBinder:64 - binding parameter [5] as [BIGINT] - [1]
17:13:20,478 TRACE BasicBinder:64 - binding parameter [1] as [INTEGER] - [1]
17:13:20,480 TRACE BasicBinder:64 - binding parameter [2] as [INTEGER] - [1]
17:13:20,482 TRACE BasicBinder:64 - binding parameter [1] as [INTEGER] - [2]
17:13:20,482 TRACE BasicBinder:64 - binding parameter [2] as [INTEGER] - [1]
17:13:20,484  INFO DriverManagerConnectionProviderImpl:259 - HHH000030: Cleaning up connection pool [jdbc:postgresql://localhost:5432/testHibernate]
12:25:24,820  INFO Version:37 - HHH000412: Hibernate Core {5.0.1.Final}
12:25:24,860  INFO Environment:213 - HHH000206: hibernate.properties not found
12:25:24,865  INFO Environment:317 - HHH000021: Bytecode provider name : javassist
12:25:25,296  WARN deprecation:91 - HHH90000012: Recognized obsolete hibernate namespace http://hibernate.sourceforge.net/hibernate-configuration. Use namespace http://www.hibernate.org/dtd/hibernate-configuration instead.  Support for obsolete DTD/XSD namespaces may be removed at any time.
12:25:27,257  INFO Version:66 - HCANN000001: Hibernate Commons Annotations {5.0.0.Final}
12:25:27,486 DEBUG BasicTypeRegistry:135 - Adding type registration boolean -> org.hibernate.type.BooleanType@1b26f7b2
12:25:27,487 DEBUG BasicTypeRegistry:135 - Adding type registration boolean -> org.hibernate.type.BooleanType@1b26f7b2
12:25:27,488 DEBUG BasicTypeRegistry:135 - Adding type registration java.lang.Boolean -> org.hibernate.type.BooleanType@1b26f7b2
12:25:27,491 DEBUG BasicTypeRegistry:135 - Adding type registration numeric_boolean -> org.hibernate.type.NumericBooleanType@66d1af89
12:25:27,498 DEBUG BasicTypeRegistry:135 - Adding type registration true_false -> org.hibernate.type.TrueFalseType@52f759d7
12:25:27,502 DEBUG BasicTypeRegistry:135 - Adding type registration yes_no -> org.hibernate.type.YesNoType@569cfc36
12:25:27,507 DEBUG BasicTypeRegistry:135 - Adding type registration byte -> org.hibernate.type.ByteType@8e24743
12:25:27,507 DEBUG BasicTypeRegistry:135 - Adding type registration byte -> org.hibernate.type.ByteType@8e24743
12:25:27,508 DEBUG BasicTypeRegistry:135 - Adding type registration java.lang.Byte -> org.hibernate.type.ByteType@8e24743
12:25:27,511 DEBUG BasicTypeRegistry:135 - Adding type registration character -> org.hibernate.type.CharacterType@13eb8acf
12:25:27,511 DEBUG BasicTypeRegistry:135 - Adding type registration char -> org.hibernate.type.CharacterType@13eb8acf
12:25:27,512 DEBUG BasicTypeRegistry:135 - Adding type registration java.lang.Character -> org.hibernate.type.CharacterType@13eb8acf
12:25:27,518 DEBUG BasicTypeRegistry:135 - Adding type registration short -> org.hibernate.type.ShortType@17d0685f
12:25:27,519 DEBUG BasicTypeRegistry:135 - Adding type registration short -> org.hibernate.type.ShortType@17d0685f
12:25:27,520 DEBUG BasicTypeRegistry:135 - Adding type registration java.lang.Short -> org.hibernate.type.ShortType@17d0685f
12:25:27,524 DEBUG BasicTypeRegistry:135 - Adding type registration integer -> org.hibernate.type.IntegerType@365185bd
12:25:27,525 DEBUG BasicTypeRegistry:135 - Adding type registration int -> org.hibernate.type.IntegerType@365185bd
12:25:27,525 DEBUG BasicTypeRegistry:135 - Adding type registration java.lang.Integer -> org.hibernate.type.IntegerType@365185bd
12:25:27,529 DEBUG BasicTypeRegistry:135 - Adding type registration long -> org.hibernate.type.LongType@544a2ea6
12:25:27,529 DEBUG BasicTypeRegistry:135 - Adding type registration long -> org.hibernate.type.LongType@544a2ea6
12:25:27,530 DEBUG BasicTypeRegistry:135 - Adding type registration java.lang.Long -> org.hibernate.type.LongType@544a2ea6
12:25:27,535 DEBUG BasicTypeRegistry:135 - Adding type registration float -> org.hibernate.type.FloatType@706a04ae
12:25:27,536 DEBUG BasicTypeRegistry:135 - Adding type registration float -> org.hibernate.type.FloatType@706a04ae
12:25:27,536 DEBUG BasicTypeRegistry:135 - Adding type registration java.lang.Float -> org.hibernate.type.FloatType@706a04ae
12:25:27,539 DEBUG BasicTypeRegistry:135 - Adding type registration double -> org.hibernate.type.DoubleType@646007f4
12:25:27,540 DEBUG BasicTypeRegistry:135 - Adding type registration double -> org.hibernate.type.DoubleType@646007f4
12:25:27,540 DEBUG BasicTypeRegistry:135 - Adding type registration java.lang.Double -> org.hibernate.type.DoubleType@646007f4
12:25:27,547 DEBUG BasicTypeRegistry:135 - Adding type registration big_decimal -> org.hibernate.type.BigDecimalType@df27fae
12:25:27,548 DEBUG BasicTypeRegistry:135 - Adding type registration java.math.BigDecimal -> org.hibernate.type.BigDecimalType@df27fae
12:25:27,551 DEBUG BasicTypeRegistry:135 - Adding type registration big_integer -> org.hibernate.type.BigIntegerType@5c18298f
12:25:27,551 DEBUG BasicTypeRegistry:135 - Adding type registration java.math.BigInteger -> org.hibernate.type.BigIntegerType@5c18298f
12:25:27,553 DEBUG BasicTypeRegistry:135 - Adding type registration string -> org.hibernate.type.StringType@5d11346a
12:25:27,554 DEBUG BasicTypeRegistry:135 - Adding type registration java.lang.String -> org.hibernate.type.StringType@5d11346a
12:25:27,555 DEBUG BasicTypeRegistry:135 - Adding type registration nstring -> org.hibernate.type.StringNVarcharType@6fb0d3ed
12:25:27,557 DEBUG BasicTypeRegistry:135 - Adding type registration ncharacter -> org.hibernate.type.CharacterNCharType@68ceda24
12:25:27,560 DEBUG BasicTypeRegistry:135 - Adding type registration url -> org.hibernate.type.UrlType@4516af24
12:25:27,561 DEBUG BasicTypeRegistry:135 - Adding type registration java.net.URL -> org.hibernate.type.UrlType@4516af24
12:25:27,590 DEBUG BasicTypeRegistry:135 - Adding type registration date -> org.hibernate.type.DateType@15b3e5b
12:25:27,591 DEBUG BasicTypeRegistry:135 - Adding type registration java.sql.Date -> org.hibernate.type.DateType@15b3e5b
12:25:27,595 DEBUG BasicTypeRegistry:135 - Adding type registration time -> org.hibernate.type.TimeType@aecb35a
12:25:27,596 DEBUG BasicTypeRegistry:135 - Adding type registration java.sql.Time -> org.hibernate.type.TimeType@aecb35a
12:25:27,599 DEBUG BasicTypeRegistry:135 - Adding type registration timestamp -> org.hibernate.type.TimestampType@15bfd87
12:25:27,600 DEBUG BasicTypeRegistry:135 - Adding type registration java.sql.Timestamp -> org.hibernate.type.TimestampType@15bfd87
12:25:27,600 DEBUG BasicTypeRegistry:135 - Adding type registration java.util.Date -> org.hibernate.type.TimestampType@15bfd87
12:25:27,604 DEBUG BasicTypeRegistry:135 - Adding type registration dbtimestamp -> org.hibernate.type.DbTimestampType@2698dc7
12:25:27,606 DEBUG BasicTypeRegistry:135 - Adding type registration calendar -> org.hibernate.type.CalendarType@1d7acb34
12:25:27,606 DEBUG BasicTypeRegistry:135 - Adding type registration java.util.Calendar -> org.hibernate.type.CalendarType@1d7acb34
12:25:27,607 DEBUG BasicTypeRegistry:135 - Adding type registration java.util.GregorianCalendar -> org.hibernate.type.CalendarType@1d7acb34
12:25:27,608 DEBUG BasicTypeRegistry:135 - Adding type registration calendar_date -> org.hibernate.type.CalendarDateType@133e16fd
12:25:27,611 DEBUG BasicTypeRegistry:135 - Adding type registration locale -> org.hibernate.type.LocaleType@2473b9ce
12:25:27,612 DEBUG BasicTypeRegistry:135 - Adding type registration java.util.Locale -> org.hibernate.type.LocaleType@2473b9ce
12:25:27,614 DEBUG BasicTypeRegistry:135 - Adding type registration currency -> org.hibernate.type.CurrencyType@de3a06f
12:25:27,614 DEBUG BasicTypeRegistry:135 - Adding type registration java.util.Currency -> org.hibernate.type.CurrencyType@de3a06f
12:25:27,617 DEBUG BasicTypeRegistry:135 - Adding type registration timezone -> org.hibernate.type.TimeZoneType@3bd94634
12:25:27,617 DEBUG BasicTypeRegistry:135 - Adding type registration java.util.TimeZone -> org.hibernate.type.TimeZoneType@3bd94634
12:25:27,619 DEBUG BasicTypeRegistry:135 - Adding type registration class -> org.hibernate.type.ClassType@101df177
12:25:27,619 DEBUG BasicTypeRegistry:135 - Adding type registration java.lang.Class -> org.hibernate.type.ClassType@101df177
12:25:27,621 DEBUG BasicTypeRegistry:135 - Adding type registration uuid-binary -> org.hibernate.type.UUIDBinaryType@4e4aea35
12:25:27,622 DEBUG BasicTypeRegistry:135 - Adding type registration java.util.UUID -> org.hibernate.type.UUIDBinaryType@4e4aea35
12:25:27,623 DEBUG BasicTypeRegistry:135 - Adding type registration uuid-char -> org.hibernate.type.UUIDCharType@517cd4b
12:25:27,626 DEBUG BasicTypeRegistry:135 - Adding type registration binary -> org.hibernate.type.BinaryType@45afc369
12:25:27,627 DEBUG BasicTypeRegistry:135 - Adding type registration byte[] -> org.hibernate.type.BinaryType@45afc369
12:25:27,627 DEBUG BasicTypeRegistry:135 - Adding type registration [B -> org.hibernate.type.BinaryType@45afc369
12:25:27,630 DEBUG BasicTypeRegistry:135 - Adding type registration wrapper-binary -> org.hibernate.type.WrapperBinaryType@11c20519
12:25:27,630 DEBUG BasicTypeRegistry:135 - Adding type registration Byte[] -> org.hibernate.type.WrapperBinaryType@11c20519
12:25:27,630 DEBUG BasicTypeRegistry:135 - Adding type registration [Ljava.lang.Byte; -> org.hibernate.type.WrapperBinaryType@11c20519
12:25:27,632 DEBUG BasicTypeRegistry:135 - Adding type registration image -> org.hibernate.type.ImageType@282003e1
12:25:27,636 DEBUG BasicTypeRegistry:135 - Adding type registration characters -> org.hibernate.type.CharArrayType@62fdb4a6
12:25:27,636 DEBUG BasicTypeRegistry:135 - Adding type registration char[] -> org.hibernate.type.CharArrayType@62fdb4a6
12:25:27,636 DEBUG BasicTypeRegistry:135 - Adding type registration [C -> org.hibernate.type.CharArrayType@62fdb4a6
12:25:27,641 DEBUG BasicTypeRegistry:135 - Adding type registration wrapper-characters -> org.hibernate.type.CharacterArrayType@4ba2ca36
12:25:27,642 DEBUG BasicTypeRegistry:135 - Adding type registration [Ljava.lang.Character; -> org.hibernate.type.CharacterArrayType@4ba2ca36
12:25:27,642 DEBUG BasicTypeRegistry:135 - Adding type registration Character[] -> org.hibernate.type.CharacterArrayType@4ba2ca36
12:25:27,669 DEBUG BasicTypeRegistry:135 - Adding type registration text -> org.hibernate.type.TextType@80ec1f8
12:25:27,672 DEBUG BasicTypeRegistry:135 - Adding type registration ntext -> org.hibernate.type.NTextType@10b48321
12:25:27,697 DEBUG BasicTypeRegistry:135 - Adding type registration blob -> org.hibernate.type.BlobType@19dc67c2
12:25:27,700 DEBUG BasicTypeRegistry:135 - Adding type registration java.sql.Blob -> org.hibernate.type.BlobType@19dc67c2
12:25:27,702 DEBUG BasicTypeRegistry:135 - Adding type registration materialized_blob -> org.hibernate.type.MaterializedBlobType@dd3b207
12:25:27,721 DEBUG BasicTypeRegistry:135 - Adding type registration clob -> org.hibernate.type.ClobType@58134517
12:25:27,721 DEBUG BasicTypeRegistry:135 - Adding type registration java.sql.Clob -> org.hibernate.type.ClobType@58134517
12:25:27,735 DEBUG BasicTypeRegistry:135 - Adding type registration nclob -> org.hibernate.type.NClobType@62e136d3
12:25:27,736 DEBUG BasicTypeRegistry:135 - Adding type registration java.sql.NClob -> org.hibernate.type.NClobType@62e136d3
12:25:27,737 DEBUG BasicTypeRegistry:135 - Adding type registration materialized_clob -> org.hibernate.type.MaterializedClobType@57175e74
12:25:27,739 DEBUG BasicTypeRegistry:135 - Adding type registration materialized_nclob -> org.hibernate.type.MaterializedNClobType@1a052a00
12:25:27,744 DEBUG BasicTypeRegistry:135 - Adding type registration serializable -> org.hibernate.type.SerializableType@7f77e91b
12:25:27,785 DEBUG BasicTypeRegistry:135 - Adding type registration object -> org.hibernate.type.ObjectType@157632c9
12:25:27,786 DEBUG BasicTypeRegistry:135 - Adding type registration java.lang.Object -> org.hibernate.type.ObjectType@157632c9
12:25:27,787 DEBUG BasicTypeRegistry:135 - Adding type registration imm_date -> org.hibernate.type.AdaptedImmutableType@275710fc
12:25:27,788 DEBUG BasicTypeRegistry:135 - Adding type registration imm_time -> org.hibernate.type.AdaptedImmutableType@75f9eccc
12:25:27,788 DEBUG BasicTypeRegistry:135 - Adding type registration imm_timestamp -> org.hibernate.type.AdaptedImmutableType@4de5031f
12:25:27,788 DEBUG BasicTypeRegistry:135 - Adding type registration imm_dbtimestamp -> org.hibernate.type.AdaptedImmutableType@5d47c63f
12:25:27,788 DEBUG BasicTypeRegistry:135 - Adding type registration imm_calendar -> org.hibernate.type.AdaptedImmutableType@3bbc39f8
12:25:27,789 DEBUG BasicTypeRegistry:135 - Adding type registration imm_calendar_date -> org.hibernate.type.AdaptedImmutableType@29f69090
12:25:27,789 DEBUG BasicTypeRegistry:135 - Adding type registration imm_binary -> org.hibernate.type.AdaptedImmutableType@ca263c2
12:25:27,790 DEBUG BasicTypeRegistry:135 - Adding type registration imm_serializable -> org.hibernate.type.AdaptedImmutableType@45f45fa1
12:25:27,897  INFO C3P0ConnectionProvider:117 - HHH010002: C3P0 using driver: com.mysql.jdbc.Driver at URL: jdbc:mysql://localhost:3306/testHibernate
12:25:27,898  INFO C3P0ConnectionProvider:118 - HHH000046: Connection properties: {user=test, password=****}
12:25:27,898  INFO C3P0ConnectionProvider:121 - HHH000006: Autocommit mode: false
12:25:28,115  INFO MLog:92 - MLog clients using log4j logging.
12:25:29,354  INFO C3P0Registry:216 - Initializing c3p0-0.9.2.1 [built 20-March-2013 10:47:27 +0000; debug? true; trace: 10]
12:25:29,524  INFO C3P0ConnectionProvider:201 - HHH000149: JDBC isolation level: <unknown>
12:25:29,657  INFO AbstractPoolBackedDataSource:522 - Initializing c3p0 pool... com.mchange.v2.c3p0.PoolBackedDataSource@75e449f0 [ connectionPoolDataSource -> com.mchange.v2.c3p0.WrapperConnectionPoolDataSource@3d0a349b [ acquireIncrement -> 3, acquireRetryAttempts -> 30, acquireRetryDelay -> 1000, autoCommitOnClose -> false, automaticTestTable -> null, breakAfterAcquireFailure -> false, checkoutTimeout -> 0, connectionCustomizerClassName -> null, connectionTesterClassName -> com.mchange.v2.c3p0.impl.DefaultConnectionTester, debugUnreturnedConnectionStackTraces -> false, factoryClassLocation -> null, forceIgnoreUnresolvedTransactions -> false, identityToken -> 1hge0ys9d1jrt5quj8wvsh|50a638b5, idleConnectionTestPeriod -> 3000, initialPoolSize -> 1, maxAdministrativeTaskTime -> 0, maxConnectionAge -> 0, maxIdleTime -> 300, maxIdleTimeExcessConnections -> 0, maxPoolSize -> 20, maxStatements -> 50, maxStatementsPerConnection -> 0, minPoolSize -> 1, nestedDataSource -> com.mchange.v2.c3p0.DriverManagerDataSource@1ad29528 [ description -> null, driverClass -> null, factoryClassLocation -> null, identityToken -> 1hge0ys9d1jrt5quj8wvsh|5276e6b0, jdbcUrl -> jdbc:mysql://localhost:3306/testHibernate, properties -> {user=******, password=******} ], preferredTestQuery -> null, propertyCycle -> 0, statementCacheNumDeferredCloseThreads -> 0, testConnectionOnCheckin -> false, testConnectionOnCheckout -> false, unreturnedConnectionTimeout -> 0, usesTraditionalReflectiveProxies -> false; userOverrides: {} ], dataSourceName -> null, factoryClassLocation -> null, identityToken -> 1hge0ys9d1jrt5quj8wvsh|647e447, numHelperThreads -> 3 ]
12:26:01,181  WARN BasicResourcePool:1851 - com.mchange.v2.resourcepool.BasicResourcePool$ScatteredAcquireTask@4fa6a1ea -- Acquisition Attempt Failed!!! Clearing pending acquires. While trying to acquire a needed new resource, we failed to succeed more than the maximum number of allowed acquisition attempts (30). Last acquisition attempt exception: 
java.sql.SQLException: Access denied for user 'test'@'localhost' (using password: YES)
	at com.mysql.jdbc.SQLError.createSQLException(SQLError.java:998)
	at com.mysql.jdbc.MysqlIO.checkErrorPacket(MysqlIO.java:3835)
	at com.mysql.jdbc.MysqlIO.checkErrorPacket(MysqlIO.java:3771)
	at com.mysql.jdbc.MysqlIO.checkErrorPacket(MysqlIO.java:870)
	at com.mysql.jdbc.MysqlIO.proceedHandshakeWithPluggableAuthentication(MysqlIO.java:1659)
	at com.mysql.jdbc.MysqlIO.doHandshake(MysqlIO.java:1206)
	at com.mysql.jdbc.ConnectionImpl.coreConnect(ConnectionImpl.java:2239)
	at com.mysql.jdbc.ConnectionImpl.connectOneTryOnly(ConnectionImpl.java:2270)
	at com.mysql.jdbc.ConnectionImpl.createNewIO(ConnectionImpl.java:2069)
	at com.mysql.jdbc.ConnectionImpl.<init>(ConnectionImpl.java:794)
	at com.mysql.jdbc.JDBC4Connection.<init>(JDBC4Connection.java:44)
	at sun.reflect.GeneratedConstructorAccessor7.newInstance(Unknown Source)
	at sun.reflect.DelegatingConstructorAccessorImpl.newInstance(DelegatingConstructorAccessorImpl.java:45)
	at java.lang.reflect.Constructor.newInstance(Constructor.java:408)
	at com.mysql.jdbc.Util.handleNewInstance(Util.java:389)
	at com.mysql.jdbc.ConnectionImpl.getInstance(ConnectionImpl.java:399)
	at com.mysql.jdbc.NonRegisteringDriver.connect(NonRegisteringDriver.java:325)
	at com.mchange.v2.c3p0.DriverManagerDataSource.getConnection(DriverManagerDataSource.java:146)
	at com.mchange.v2.c3p0.WrapperConnectionPoolDataSource.getPooledConnection(WrapperConnectionPoolDataSource.java:195)
	at com.mchange.v2.c3p0.WrapperConnectionPoolDataSource.getPooledConnection(WrapperConnectionPoolDataSource.java:184)
	at com.mchange.v2.c3p0.impl.C3P0PooledConnectionPool$1PooledConnectionResourcePoolManager.acquireResource(C3P0PooledConnectionPool.java:200)
	at com.mchange.v2.resourcepool.BasicResourcePool.doAcquire(BasicResourcePool.java:1086)
	at com.mchange.v2.resourcepool.BasicResourcePool.doAcquireAndDecrementPendingAcquiresWithinLockOnSuccess(BasicResourcePool.java:1073)
	at com.mchange.v2.resourcepool.BasicResourcePool.access$800(BasicResourcePool.java:44)
	at com.mchange.v2.resourcepool.BasicResourcePool$ScatteredAcquireTask.run(BasicResourcePool.java:1810)
	at com.mchange.v2.async.ThreadPoolAsynchronousRunner$PoolThread.run(ThreadPoolAsynchronousRunner.java:648)
12:26:01,181  WARN BasicResourcePool:1851 - com.mchange.v2.resourcepool.BasicResourcePool$ScatteredAcquireTask@7766cfdd -- Acquisition Attempt Failed!!! Clearing pending acquires. While trying to acquire a needed new resource, we failed to succeed more than the maximum number of allowed acquisition attempts (30). Last acquisition attempt exception: 
java.sql.SQLException: Access denied for user 'test'@'localhost' (using password: YES)
	at com.mysql.jdbc.SQLError.createSQLException(SQLError.java:998)
	at com.mysql.jdbc.MysqlIO.checkErrorPacket(MysqlIO.java:3835)
	at com.mysql.jdbc.MysqlIO.checkErrorPacket(MysqlIO.java:3771)
	at com.mysql.jdbc.MysqlIO.checkErrorPacket(MysqlIO.java:870)
	at com.mysql.jdbc.MysqlIO.proceedHandshakeWithPluggableAuthentication(MysqlIO.java:1659)
	at com.mysql.jdbc.MysqlIO.doHandshake(MysqlIO.java:1206)
	at com.mysql.jdbc.ConnectionImpl.coreConnect(ConnectionImpl.java:2239)
	at com.mysql.jdbc.ConnectionImpl.connectOneTryOnly(ConnectionImpl.java:2270)
	at com.mysql.jdbc.ConnectionImpl.createNewIO(ConnectionImpl.java:2069)
	at com.mysql.jdbc.ConnectionImpl.<init>(ConnectionImpl.java:794)
	at com.mysql.jdbc.JDBC4Connection.<init>(JDBC4Connection.java:44)
	at sun.reflect.GeneratedConstructorAccessor7.newInstance(Unknown Source)
	at sun.reflect.DelegatingConstructorAccessorImpl.newInstance(DelegatingConstructorAccessorImpl.java:45)
	at java.lang.reflect.Constructor.newInstance(Constructor.java:408)
	at com.mysql.jdbc.Util.handleNewInstance(Util.java:389)
	at com.mysql.jdbc.ConnectionImpl.getInstance(ConnectionImpl.java:399)
	at com.mysql.jdbc.NonRegisteringDriver.connect(NonRegisteringDriver.java:325)
	at com.mchange.v2.c3p0.DriverManagerDataSource.getConnection(DriverManagerDataSource.java:146)
	at com.mchange.v2.c3p0.WrapperConnectionPoolDataSource.getPooledConnection(WrapperConnectionPoolDataSource.java:195)
	at com.mchange.v2.c3p0.WrapperConnectionPoolDataSource.getPooledConnection(WrapperConnectionPoolDataSource.java:184)
	at com.mchange.v2.c3p0.impl.C3P0PooledConnectionPool$1PooledConnectionResourcePoolManager.acquireResource(C3P0PooledConnectionPool.java:200)
	at com.mchange.v2.resourcepool.BasicResourcePool.doAcquire(BasicResourcePool.java:1086)
	at com.mchange.v2.resourcepool.BasicResourcePool.doAcquireAndDecrementPendingAcquiresWithinLockOnSuccess(BasicResourcePool.java:1073)
	at com.mchange.v2.resourcepool.BasicResourcePool.access$800(BasicResourcePool.java:44)
	at com.mchange.v2.resourcepool.BasicResourcePool$ScatteredAcquireTask.run(BasicResourcePool.java:1810)
	at com.mchange.v2.async.ThreadPoolAsynchronousRunner$PoolThread.run(ThreadPoolAsynchronousRunner.java:648)
12:26:01,181  WARN BasicResourcePool:1851 - com.mchange.v2.resourcepool.BasicResourcePool$ScatteredAcquireTask@34859579 -- Acquisition Attempt Failed!!! Clearing pending acquires. While trying to acquire a needed new resource, we failed to succeed more than the maximum number of allowed acquisition attempts (30). Last acquisition attempt exception: 
java.sql.SQLException: Access denied for user 'test'@'localhost' (using password: YES)
	at com.mysql.jdbc.SQLError.createSQLException(SQLError.java:998)
	at com.mysql.jdbc.MysqlIO.checkErrorPacket(MysqlIO.java:3835)
	at com.mysql.jdbc.MysqlIO.checkErrorPacket(MysqlIO.java:3771)
	at com.mysql.jdbc.MysqlIO.checkErrorPacket(MysqlIO.java:870)
	at com.mysql.jdbc.MysqlIO.proceedHandshakeWithPluggableAuthentication(MysqlIO.java:1659)
	at com.mysql.jdbc.MysqlIO.doHandshake(MysqlIO.java:1206)
	at com.mysql.jdbc.ConnectionImpl.coreConnect(ConnectionImpl.java:2239)
	at com.mysql.jdbc.ConnectionImpl.connectOneTryOnly(ConnectionImpl.java:2270)
	at com.mysql.jdbc.ConnectionImpl.createNewIO(ConnectionImpl.java:2069)
	at com.mysql.jdbc.ConnectionImpl.<init>(ConnectionImpl.java:794)
	at com.mysql.jdbc.JDBC4Connection.<init>(JDBC4Connection.java:44)
	at sun.reflect.GeneratedConstructorAccessor7.newInstance(Unknown Source)
	at sun.reflect.DelegatingConstructorAccessorImpl.newInstance(DelegatingConstructorAccessorImpl.java:45)
	at java.lang.reflect.Constructor.newInstance(Constructor.java:408)
	at com.mysql.jdbc.Util.handleNewInstance(Util.java:389)
	at com.mysql.jdbc.ConnectionImpl.getInstance(ConnectionImpl.java:399)
	at com.mysql.jdbc.NonRegisteringDriver.connect(NonRegisteringDriver.java:325)
	at com.mchange.v2.c3p0.DriverManagerDataSource.getConnection(DriverManagerDataSource.java:146)
	at com.mchange.v2.c3p0.WrapperConnectionPoolDataSource.getPooledConnection(WrapperConnectionPoolDataSource.java:195)
	at com.mchange.v2.c3p0.WrapperConnectionPoolDataSource.getPooledConnection(WrapperConnectionPoolDataSource.java:184)
	at com.mchange.v2.c3p0.impl.C3P0PooledConnectionPool$1PooledConnectionResourcePoolManager.acquireResource(C3P0PooledConnectionPool.java:200)
	at com.mchange.v2.resourcepool.BasicResourcePool.doAcquire(BasicResourcePool.java:1086)
	at com.mchange.v2.resourcepool.BasicResourcePool.doAcquireAndDecrementPendingAcquiresWithinLockOnSuccess(BasicResourcePool.java:1073)
	at com.mchange.v2.resourcepool.BasicResourcePool.access$800(BasicResourcePool.java:44)
	at com.mchange.v2.resourcepool.BasicResourcePool$ScatteredAcquireTask.run(BasicResourcePool.java:1810)
	at com.mchange.v2.async.ThreadPoolAsynchronousRunner$PoolThread.run(ThreadPoolAsynchronousRunner.java:648)
12:26:01,186  WARN BasicResourcePool:894 - Having failed to acquire a resource, com.mchange.v2.resourcepool.BasicResourcePool@16293aa2 is interrupting all Threads waiting on a resource to check out. Will try again in response to new client requests.
12:26:01,190  WARN BasicResourcePool:894 - Having failed to acquire a resource, com.mchange.v2.resourcepool.BasicResourcePool@16293aa2 is interrupting all Threads waiting on a resource to check out. Will try again in response to new client requests.
12:26:01,195  WARN BasicResourcePool:894 - Having failed to acquire a resource, com.mchange.v2.resourcepool.BasicResourcePool@16293aa2 is interrupting all Threads waiting on a resource to check out. Will try again in response to new client requests.
12:26:01,214  WARN BasicResourcePool:1851 - com.mchange.v2.resourcepool.BasicResourcePool$ScatteredAcquireTask@5eb53ee9 -- Acquisition Attempt Failed!!! Clearing pending acquires. While trying to acquire a needed new resource, we failed to succeed more than the maximum number of allowed acquisition attempts (30). Last acquisition attempt exception: 
java.sql.SQLException: Access denied for user 'test'@'localhost' (using password: YES)
	at com.mysql.jdbc.SQLError.createSQLException(SQLError.java:998)
	at com.mysql.jdbc.MysqlIO.checkErrorPacket(MysqlIO.java:3835)
	at com.mysql.jdbc.MysqlIO.checkErrorPacket(MysqlIO.java:3771)
	at com.mysql.jdbc.MysqlIO.checkErrorPacket(MysqlIO.java:870)
	at com.mysql.jdbc.MysqlIO.proceedHandshakeWithPluggableAuthentication(MysqlIO.java:1659)
	at com.mysql.jdbc.MysqlIO.doHandshake(MysqlIO.java:1206)
	at com.mysql.jdbc.ConnectionImpl.coreConnect(ConnectionImpl.java:2239)
	at com.mysql.jdbc.ConnectionImpl.connectOneTryOnly(ConnectionImpl.java:2270)
	at com.mysql.jdbc.ConnectionImpl.createNewIO(ConnectionImpl.java:2069)
	at com.mysql.jdbc.ConnectionImpl.<init>(ConnectionImpl.java:794)
	at com.mysql.jdbc.JDBC4Connection.<init>(JDBC4Connection.java:44)
	at sun.reflect.GeneratedConstructorAccessor7.newInstance(Unknown Source)
	at sun.reflect.DelegatingConstructorAccessorImpl.newInstance(DelegatingConstructorAccessorImpl.java:45)
	at java.lang.reflect.Constructor.newInstance(Constructor.java:408)
	at com.mysql.jdbc.Util.handleNewInstance(Util.java:389)
	at com.mysql.jdbc.ConnectionImpl.getInstance(ConnectionImpl.java:399)
	at com.mysql.jdbc.NonRegisteringDriver.connect(NonRegisteringDriver.java:325)
	at com.mchange.v2.c3p0.DriverManagerDataSource.getConnection(DriverManagerDataSource.java:146)
	at com.mchange.v2.c3p0.WrapperConnectionPoolDataSource.getPooledConnection(WrapperConnectionPoolDataSource.java:195)
	at com.mchange.v2.c3p0.WrapperConnectionPoolDataSource.getPooledConnection(WrapperConnectionPoolDataSource.java:184)
	at com.mchange.v2.c3p0.impl.C3P0PooledConnectionPool$1PooledConnectionResourcePoolManager.acquireResource(C3P0PooledConnectionPool.java:200)
	at com.mchange.v2.resourcepool.BasicResourcePool.doAcquire(BasicResourcePool.java:1086)
	at com.mchange.v2.resourcepool.BasicResourcePool.doAcquireAndDecrementPendingAcquiresWithinLockOnSuccess(BasicResourcePool.java:1073)
	at com.mchange.v2.resourcepool.BasicResourcePool.access$800(BasicResourcePool.java:44)
	at com.mchange.v2.resourcepool.BasicResourcePool$ScatteredAcquireTask.run(BasicResourcePool.java:1810)
	at com.mchange.v2.async.ThreadPoolAsynchronousRunner$PoolThread.run(ThreadPoolAsynchronousRunner.java:648)
12:26:01,215  WARN BasicResourcePool:894 - Having failed to acquire a resource, com.mchange.v2.resourcepool.BasicResourcePool@16293aa2 is interrupting all Threads waiting on a resource to check out. Will try again in response to new client requests.
12:26:01,412  WARN JdbcEnvironmentInitiator:132 - HHH000342: Could not obtain connection to query metadata : Connections could not be acquired from the underlying database!
12:26:02,288  INFO Dialect:154 - HHH000400: Using dialect: org.hibernate.dialect.MySQLDialect
12:26:02,358  INFO LobCreatorBuilderImpl:63 - HHH000422: Disabling contextual LOB creation as connection was null
12:26:04,229 TRACE TypeFactory:54 - Scoping types to session factory org.hibernate.internal.SessionFactoryImpl@38ba6ce3
12:26:05,501  INFO SchemaExport:400 - HHH000227: Running hbm2ddl schema export
12:26:35,963  WARN BasicResourcePool:1851 - com.mchange.v2.resourcepool.BasicResourcePool$ScatteredAcquireTask@e6974a3 -- Acquisition Attempt Failed!!! Clearing pending acquires. While trying to acquire a needed new resource, we failed to succeed more than the maximum number of allowed acquisition attempts (30). Last acquisition attempt exception: 
java.sql.SQLException: Access denied for user 'test'@'localhost' (using password: YES)
	at com.mysql.jdbc.SQLError.createSQLException(SQLError.java:998)
	at com.mysql.jdbc.MysqlIO.checkErrorPacket(MysqlIO.java:3835)
	at com.mysql.jdbc.MysqlIO.checkErrorPacket(MysqlIO.java:3771)
	at com.mysql.jdbc.MysqlIO.checkErrorPacket(MysqlIO.java:870)
	at com.mysql.jdbc.MysqlIO.proceedHandshakeWithPluggableAuthentication(MysqlIO.java:1659)
	at com.mysql.jdbc.MysqlIO.doHandshake(MysqlIO.java:1206)
	at com.mysql.jdbc.ConnectionImpl.coreConnect(ConnectionImpl.java:2239)
	at com.mysql.jdbc.ConnectionImpl.connectOneTryOnly(ConnectionImpl.java:2270)
	at com.mysql.jdbc.ConnectionImpl.createNewIO(ConnectionImpl.java:2069)
	at com.mysql.jdbc.ConnectionImpl.<init>(ConnectionImpl.java:794)
	at com.mysql.jdbc.JDBC4Connection.<init>(JDBC4Connection.java:44)
	at sun.reflect.GeneratedConstructorAccessor7.newInstance(Unknown Source)
	at sun.reflect.DelegatingConstructorAccessorImpl.newInstance(DelegatingConstructorAccessorImpl.java:45)
	at java.lang.reflect.Constructor.newInstance(Constructor.java:408)
	at com.mysql.jdbc.Util.handleNewInstance(Util.java:389)
	at com.mysql.jdbc.ConnectionImpl.getInstance(ConnectionImpl.java:399)
	at com.mysql.jdbc.NonRegisteringDriver.connect(NonRegisteringDriver.java:325)
	at com.mchange.v2.c3p0.DriverManagerDataSource.getConnection(DriverManagerDataSource.java:146)
	at com.mchange.v2.c3p0.WrapperConnectionPoolDataSource.getPooledConnection(WrapperConnectionPoolDataSource.java:195)
	at com.mchange.v2.c3p0.WrapperConnectionPoolDataSource.getPooledConnection(WrapperConnectionPoolDataSource.java:184)
	at com.mchange.v2.c3p0.impl.C3P0PooledConnectionPool$1PooledConnectionResourcePoolManager.acquireResource(C3P0PooledConnectionPool.java:200)
	at com.mchange.v2.resourcepool.BasicResourcePool.doAcquire(BasicResourcePool.java:1086)
	at com.mchange.v2.resourcepool.BasicResourcePool.doAcquireAndDecrementPendingAcquiresWithinLockOnSuccess(BasicResourcePool.java:1073)
	at com.mchange.v2.resourcepool.BasicResourcePool.access$800(BasicResourcePool.java:44)
	at com.mchange.v2.resourcepool.BasicResourcePool$ScatteredAcquireTask.run(BasicResourcePool.java:1810)
	at com.mchange.v2.async.ThreadPoolAsynchronousRunner$PoolThread.run(ThreadPoolAsynchronousRunner.java:648)
12:26:35,964  WARN BasicResourcePool:894 - Having failed to acquire a resource, com.mchange.v2.resourcepool.BasicResourcePool@16293aa2 is interrupting all Threads waiting on a resource to check out. Will try again in response to new client requests.
12:26:35,965 ERROR SchemaExport:443 - HHH000231: Schema export unsuccessful
java.sql.SQLException: Connections could not be acquired from the underlying database!
	at com.mchange.v2.sql.SqlUtils.toSQLException(SqlUtils.java:118)
	at com.mchange.v2.c3p0.impl.C3P0PooledConnectionPool.checkoutPooledConnection(C3P0PooledConnectionPool.java:689)
	at com.mchange.v2.c3p0.impl.AbstractPoolBackedDataSource.getConnection(AbstractPoolBackedDataSource.java:140)
	at org.hibernate.c3p0.internal.C3P0ConnectionProvider.getConnection(C3P0ConnectionProvider.java:73)
	at org.hibernate.tool.hbm2ddl.SuppliedConnectionProviderConnectionHelper.prepare(SuppliedConnectionProviderConnectionHelper.java:33)
	at org.hibernate.tool.hbm2ddl.DatabaseExporter.<init>(DatabaseExporter.java:35)
	at org.hibernate.tool.hbm2ddl.SchemaExport.execute(SchemaExport.java:425)
	at org.hibernate.tool.hbm2ddl.SchemaExport.create(SchemaExport.java:361)
	at org.hibernate.tool.hbm2ddl.SchemaExport.create(SchemaExport.java:350)
	at org.hibernate.internal.SessionFactoryImpl.<init>(SessionFactoryImpl.java:478)
	at org.hibernate.boot.internal.SessionFactoryBuilderImpl.build(SessionFactoryBuilderImpl.java:444)
	at org.hibernate.cfg.Configuration.buildSessionFactory(Configuration.java:708)
	at org.hibernate.cfg.Configuration.buildSessionFactory(Configuration.java:724)
	at com.mtsmda.hibernate.HibernateUtil.buildSessionFactory(HibernateUtil.java:16)
	at com.mtsmda.hibernate.HibernateUtil.<clinit>(HibernateUtil.java:12)
	at com.mtsmda.hibernate.RunMain.main(RunMain.java:26)
	at sun.reflect.NativeMethodAccessorImpl.invoke0(Native Method)
	at sun.reflect.NativeMethodAccessorImpl.invoke(NativeMethodAccessorImpl.java:62)
	at sun.reflect.DelegatingMethodAccessorImpl.invoke(DelegatingMethodAccessorImpl.java:43)
	at java.lang.reflect.Method.invoke(Method.java:483)
	at com.intellij.rt.execution.application.AppMain.main(AppMain.java:140)
Caused by: com.mchange.v2.resourcepool.CannotAcquireResourceException: A ResourcePool could not acquire a resource from its primary factory or source.
	at com.mchange.v2.resourcepool.BasicResourcePool.awaitAvailable(BasicResourcePool.java:1418)
	at com.mchange.v2.resourcepool.BasicResourcePool.prelimCheckoutResource(BasicResourcePool.java:606)
	at com.mchange.v2.resourcepool.BasicResourcePool.checkoutResource(BasicResourcePool.java:526)
	at com.mchange.v2.c3p0.impl.C3P0PooledConnectionPool.checkoutAndMarkConnectionInUse(C3P0PooledConnectionPool.java:755)
	at com.mchange.v2.c3p0.impl.C3P0PooledConnectionPool.checkoutPooledConnection(C3P0PooledConnectionPool.java:682)
	... 19 more
12:26:35,967  INFO SchemaExport:463 - HHH000230: Schema export complete
12:26:36,113  WARN BasicResourcePool:1851 - com.mchange.v2.resourcepool.BasicResourcePool$ScatteredAcquireTask@d119ce7 -- Acquisition Attempt Failed!!! Clearing pending acquires. While trying to acquire a needed new resource, we failed to succeed more than the maximum number of allowed acquisition attempts (30). Last acquisition attempt exception: 
java.sql.SQLException: Access denied for user 'test'@'localhost' (using password: YES)
	at com.mysql.jdbc.SQLError.createSQLException(SQLError.java:998)
	at com.mysql.jdbc.MysqlIO.checkErrorPacket(MysqlIO.java:3835)
	at com.mysql.jdbc.MysqlIO.checkErrorPacket(MysqlIO.java:3771)
	at com.mysql.jdbc.MysqlIO.checkErrorPacket(MysqlIO.java:870)
	at com.mysql.jdbc.MysqlIO.proceedHandshakeWithPluggableAuthentication(MysqlIO.java:1659)
	at com.mysql.jdbc.MysqlIO.doHandshake(MysqlIO.java:1206)
	at com.mysql.jdbc.ConnectionImpl.coreConnect(ConnectionImpl.java:2239)
	at com.mysql.jdbc.ConnectionImpl.connectOneTryOnly(ConnectionImpl.java:2270)
	at com.mysql.jdbc.ConnectionImpl.createNewIO(ConnectionImpl.java:2069)
	at com.mysql.jdbc.ConnectionImpl.<init>(ConnectionImpl.java:794)
	at com.mysql.jdbc.JDBC4Connection.<init>(JDBC4Connection.java:44)
	at sun.reflect.GeneratedConstructorAccessor7.newInstance(Unknown Source)
	at sun.reflect.DelegatingConstructorAccessorImpl.newInstance(DelegatingConstructorAccessorImpl.java:45)
	at java.lang.reflect.Constructor.newInstance(Constructor.java:408)
	at com.mysql.jdbc.Util.handleNewInstance(Util.java:389)
	at com.mysql.jdbc.ConnectionImpl.getInstance(ConnectionImpl.java:399)
	at com.mysql.jdbc.NonRegisteringDriver.connect(NonRegisteringDriver.java:325)
	at com.mchange.v2.c3p0.DriverManagerDataSource.getConnection(DriverManagerDataSource.java:146)
	at com.mchange.v2.c3p0.WrapperConnectionPoolDataSource.getPooledConnection(WrapperConnectionPoolDataSource.java:195)
	at com.mchange.v2.c3p0.WrapperConnectionPoolDataSource.getPooledConnection(WrapperConnectionPoolDataSource.java:184)
	at com.mchange.v2.c3p0.impl.C3P0PooledConnectionPool$1PooledConnectionResourcePoolManager.acquireResource(C3P0PooledConnectionPool.java:200)
	at com.mchange.v2.resourcepool.BasicResourcePool.doAcquire(BasicResourcePool.java:1086)
	at com.mchange.v2.resourcepool.BasicResourcePool.doAcquireAndDecrementPendingAcquiresWithinLockOnSuccess(BasicResourcePool.java:1073)
	at com.mchange.v2.resourcepool.BasicResourcePool.access$800(BasicResourcePool.java:44)
	at com.mchange.v2.resourcepool.BasicResourcePool$ScatteredAcquireTask.run(BasicResourcePool.java:1810)
	at com.mchange.v2.async.ThreadPoolAsynchronousRunner$PoolThread.run(ThreadPoolAsynchronousRunner.java:648)
12:26:36,114  WARN BasicResourcePool:894 - Having failed to acquire a resource, com.mchange.v2.resourcepool.BasicResourcePool@16293aa2 is interrupting all Threads waiting on a resource to check out. Will try again in response to new client requests.
12:26:36,121  WARN BasicResourcePool:1851 - com.mchange.v2.resourcepool.BasicResourcePool$ScatteredAcquireTask@e2d9034 -- Acquisition Attempt Failed!!! Clearing pending acquires. While trying to acquire a needed new resource, we failed to succeed more than the maximum number of allowed acquisition attempts (30). Last acquisition attempt exception: 
java.sql.SQLException: Access denied for user 'test'@'localhost' (using password: YES)
	at com.mysql.jdbc.SQLError.createSQLException(SQLError.java:998)
	at com.mysql.jdbc.MysqlIO.checkErrorPacket(MysqlIO.java:3835)
	at com.mysql.jdbc.MysqlIO.checkErrorPacket(MysqlIO.java:3771)
	at com.mysql.jdbc.MysqlIO.checkErrorPacket(MysqlIO.java:870)
	at com.mysql.jdbc.MysqlIO.proceedHandshakeWithPluggableAuthentication(MysqlIO.java:1659)
	at com.mysql.jdbc.MysqlIO.doHandshake(MysqlIO.java:1206)
	at com.mysql.jdbc.ConnectionImpl.coreConnect(ConnectionImpl.java:2239)
	at com.mysql.jdbc.ConnectionImpl.connectOneTryOnly(ConnectionImpl.java:2270)
	at com.mysql.jdbc.ConnectionImpl.createNewIO(ConnectionImpl.java:2069)
	at com.mysql.jdbc.ConnectionImpl.<init>(ConnectionImpl.java:794)
	at com.mysql.jdbc.JDBC4Connection.<init>(JDBC4Connection.java:44)
	at sun.reflect.GeneratedConstructorAccessor7.newInstance(Unknown Source)
	at sun.reflect.DelegatingConstructorAccessorImpl.newInstance(DelegatingConstructorAccessorImpl.java:45)
	at java.lang.reflect.Constructor.newInstance(Constructor.java:408)
	at com.mysql.jdbc.Util.handleNewInstance(Util.java:389)
	at com.mysql.jdbc.ConnectionImpl.getInstance(ConnectionImpl.java:399)
	at com.mysql.jdbc.NonRegisteringDriver.connect(NonRegisteringDriver.java:325)
	at com.mchange.v2.c3p0.DriverManagerDataSource.getConnection(DriverManagerDataSource.java:146)
	at com.mchange.v2.c3p0.WrapperConnectionPoolDataSource.getPooledConnection(WrapperConnectionPoolDataSource.java:195)
	at com.mchange.v2.c3p0.WrapperConnectionPoolDataSource.getPooledConnection(WrapperConnectionPoolDataSource.java:184)
	at com.mchange.v2.c3p0.impl.C3P0PooledConnectionPool$1PooledConnectionResourcePoolManager.acquireResource(C3P0PooledConnectionPool.java:200)
	at com.mchange.v2.resourcepool.BasicResourcePool.doAcquire(BasicResourcePool.java:1086)
	at com.mchange.v2.resourcepool.BasicResourcePool.doAcquireAndDecrementPendingAcquiresWithinLockOnSuccess(BasicResourcePool.java:1073)
	at com.mchange.v2.resourcepool.BasicResourcePool.access$800(BasicResourcePool.java:44)
	at com.mchange.v2.resourcepool.BasicResourcePool$ScatteredAcquireTask.run(BasicResourcePool.java:1810)
	at com.mchange.v2.async.ThreadPoolAsynchronousRunner$PoolThread.run(ThreadPoolAsynchronousRunner.java:648)
12:26:36,122  WARN BasicResourcePool:894 - Having failed to acquire a resource, com.mchange.v2.resourcepool.BasicResourcePool@16293aa2 is interrupting all Threads waiting on a resource to check out. Will try again in response to new client requests.
12:26:36,226  WARN BasicResourcePool:1851 - com.mchange.v2.resourcepool.BasicResourcePool$ScatteredAcquireTask@102ec929 -- Acquisition Attempt Failed!!! Clearing pending acquires. While trying to acquire a needed new resource, we failed to succeed more than the maximum number of allowed acquisition attempts (30). Last acquisition attempt exception: 
java.sql.SQLException: Access denied for user 'test'@'localhost' (using password: YES)
	at com.mysql.jdbc.SQLError.createSQLException(SQLError.java:998)
	at com.mysql.jdbc.MysqlIO.checkErrorPacket(MysqlIO.java:3835)
	at com.mysql.jdbc.MysqlIO.checkErrorPacket(MysqlIO.java:3771)
	at com.mysql.jdbc.MysqlIO.checkErrorPacket(MysqlIO.java:870)
	at com.mysql.jdbc.MysqlIO.proceedHandshakeWithPluggableAuthentication(MysqlIO.java:1659)
	at com.mysql.jdbc.MysqlIO.doHandshake(MysqlIO.java:1206)
	at com.mysql.jdbc.ConnectionImpl.coreConnect(ConnectionImpl.java:2239)
	at com.mysql.jdbc.ConnectionImpl.connectOneTryOnly(ConnectionImpl.java:2270)
	at com.mysql.jdbc.ConnectionImpl.createNewIO(ConnectionImpl.java:2069)
	at com.mysql.jdbc.ConnectionImpl.<init>(ConnectionImpl.java:794)
	at com.mysql.jdbc.JDBC4Connection.<init>(JDBC4Connection.java:44)
	at sun.reflect.GeneratedConstructorAccessor7.newInstance(Unknown Source)
	at sun.reflect.DelegatingConstructorAccessorImpl.newInstance(DelegatingConstructorAccessorImpl.java:45)
	at java.lang.reflect.Constructor.newInstance(Constructor.java:408)
	at com.mysql.jdbc.Util.handleNewInstance(Util.java:389)
	at com.mysql.jdbc.ConnectionImpl.getInstance(ConnectionImpl.java:399)
	at com.mysql.jdbc.NonRegisteringDriver.connect(NonRegisteringDriver.java:325)
	at com.mchange.v2.c3p0.DriverManagerDataSource.getConnection(DriverManagerDataSource.java:146)
	at com.mchange.v2.c3p0.WrapperConnectionPoolDataSource.getPooledConnection(WrapperConnectionPoolDataSource.java:195)
	at com.mchange.v2.c3p0.WrapperConnectionPoolDataSource.getPooledConnection(WrapperConnectionPoolDataSource.java:184)
	at com.mchange.v2.c3p0.impl.C3P0PooledConnectionPool$1PooledConnectionResourcePoolManager.acquireResource(C3P0PooledConnectionPool.java:200)
	at com.mchange.v2.resourcepool.BasicResourcePool.doAcquire(BasicResourcePool.java:1086)
	at com.mchange.v2.resourcepool.BasicResourcePool.doAcquireAndDecrementPendingAcquiresWithinLockOnSuccess(BasicResourcePool.java:1073)
	at com.mchange.v2.resourcepool.BasicResourcePool.access$800(BasicResourcePool.java:44)
	at com.mchange.v2.resourcepool.BasicResourcePool$ScatteredAcquireTask.run(BasicResourcePool.java:1810)
	at com.mchange.v2.async.ThreadPoolAsynchronousRunner$PoolThread.run(ThreadPoolAsynchronousRunner.java:648)
12:26:36,227  WARN BasicResourcePool:894 - Having failed to acquire a resource, com.mchange.v2.resourcepool.BasicResourcePool@16293aa2 is interrupting all Threads waiting on a resource to check out. Will try again in response to new client requests.
12:27:07,149  WARN BasicResourcePool:1851 - com.mchange.v2.resourcepool.BasicResourcePool$ScatteredAcquireTask@164459c -- Acquisition Attempt Failed!!! Clearing pending acquires. While trying to acquire a needed new resource, we failed to succeed more than the maximum number of allowed acquisition attempts (30). Last acquisition attempt exception: 
java.sql.SQLException: Access denied for user 'test'@'localhost' (using password: YES)
	at com.mysql.jdbc.SQLError.createSQLException(SQLError.java:998)
	at com.mysql.jdbc.MysqlIO.checkErrorPacket(MysqlIO.java:3835)
	at com.mysql.jdbc.MysqlIO.checkErrorPacket(MysqlIO.java:3771)
	at com.mysql.jdbc.MysqlIO.checkErrorPacket(MysqlIO.java:870)
	at com.mysql.jdbc.MysqlIO.proceedHandshakeWithPluggableAuthentication(MysqlIO.java:1659)
	at com.mysql.jdbc.MysqlIO.doHandshake(MysqlIO.java:1206)
	at com.mysql.jdbc.ConnectionImpl.coreConnect(ConnectionImpl.java:2239)
	at com.mysql.jdbc.ConnectionImpl.connectOneTryOnly(ConnectionImpl.java:2270)
	at com.mysql.jdbc.ConnectionImpl.createNewIO(ConnectionImpl.java:2069)
	at com.mysql.jdbc.ConnectionImpl.<init>(ConnectionImpl.java:794)
	at com.mysql.jdbc.JDBC4Connection.<init>(JDBC4Connection.java:44)
	at sun.reflect.GeneratedConstructorAccessor7.newInstance(Unknown Source)
	at sun.reflect.DelegatingConstructorAccessorImpl.newInstance(DelegatingConstructorAccessorImpl.java:45)
	at java.lang.reflect.Constructor.newInstance(Constructor.java:408)
	at com.mysql.jdbc.Util.handleNewInstance(Util.java:389)
	at com.mysql.jdbc.ConnectionImpl.getInstance(ConnectionImpl.java:399)
	at com.mysql.jdbc.NonRegisteringDriver.connect(NonRegisteringDriver.java:325)
	at com.mchange.v2.c3p0.DriverManagerDataSource.getConnection(DriverManagerDataSource.java:146)
	at com.mchange.v2.c3p0.WrapperConnectionPoolDataSource.getPooledConnection(WrapperConnectionPoolDataSource.java:195)
	at com.mchange.v2.c3p0.WrapperConnectionPoolDataSource.getPooledConnection(WrapperConnectionPoolDataSource.java:184)
	at com.mchange.v2.c3p0.impl.C3P0PooledConnectionPool$1PooledConnectionResourcePoolManager.acquireResource(C3P0PooledConnectionPool.java:200)
	at com.mchange.v2.resourcepool.BasicResourcePool.doAcquire(BasicResourcePool.java:1086)
	at com.mchange.v2.resourcepool.BasicResourcePool.doAcquireAndDecrementPendingAcquiresWithinLockOnSuccess(BasicResourcePool.java:1073)
	at com.mchange.v2.resourcepool.BasicResourcePool.access$800(BasicResourcePool.java:44)
	at com.mchange.v2.resourcepool.BasicResourcePool$ScatteredAcquireTask.run(BasicResourcePool.java:1810)
	at com.mchange.v2.async.ThreadPoolAsynchronousRunner$PoolThread.run(ThreadPoolAsynchronousRunner.java:648)
12:27:07,150  WARN BasicResourcePool:894 - Having failed to acquire a resource, com.mchange.v2.resourcepool.BasicResourcePool@16293aa2 is interrupting all Threads waiting on a resource to check out. Will try again in response to new client requests.
12:27:07,151  WARN SqlExceptionHelper:127 - SQL Error: 0, SQLState: null
12:27:07,151 ERROR SqlExceptionHelper:129 - Connections could not be acquired from the underlying database!
12:27:07,175  WARN BasicResourcePool:1851 - com.mchange.v2.resourcepool.BasicResourcePool$ScatteredAcquireTask@16f4521 -- Acquisition Attempt Failed!!! Clearing pending acquires. While trying to acquire a needed new resource, we failed to succeed more than the maximum number of allowed acquisition attempts (30). Last acquisition attempt exception: 
java.sql.SQLException: Access denied for user 'test'@'localhost' (using password: YES)
	at com.mysql.jdbc.SQLError.createSQLException(SQLError.java:998)
	at com.mysql.jdbc.MysqlIO.checkErrorPacket(MysqlIO.java:3835)
	at com.mysql.jdbc.MysqlIO.checkErrorPacket(MysqlIO.java:3771)
	at com.mysql.jdbc.MysqlIO.checkErrorPacket(MysqlIO.java:870)
	at com.mysql.jdbc.MysqlIO.proceedHandshakeWithPluggableAuthentication(MysqlIO.java:1659)
	at com.mysql.jdbc.MysqlIO.doHandshake(MysqlIO.java:1206)
	at com.mysql.jdbc.ConnectionImpl.coreConnect(ConnectionImpl.java:2239)
	at com.mysql.jdbc.ConnectionImpl.connectOneTryOnly(ConnectionImpl.java:2270)
	at com.mysql.jdbc.ConnectionImpl.createNewIO(ConnectionImpl.java:2069)
	at com.mysql.jdbc.ConnectionImpl.<init>(ConnectionImpl.java:794)
	at com.mysql.jdbc.JDBC4Connection.<init>(JDBC4Connection.java:44)
	at sun.reflect.GeneratedConstructorAccessor7.newInstance(Unknown Source)
	at sun.reflect.DelegatingConstructorAccessorImpl.newInstance(DelegatingConstructorAccessorImpl.java:45)
	at java.lang.reflect.Constructor.newInstance(Constructor.java:408)
	at com.mysql.jdbc.Util.handleNewInstance(Util.java:389)
	at com.mysql.jdbc.ConnectionImpl.getInstance(ConnectionImpl.java:399)
	at com.mysql.jdbc.NonRegisteringDriver.connect(NonRegisteringDriver.java:325)
	at com.mchange.v2.c3p0.DriverManagerDataSource.getConnection(DriverManagerDataSource.java:146)
	at com.mchange.v2.c3p0.WrapperConnectionPoolDataSource.getPooledConnection(WrapperConnectionPoolDataSource.java:195)
	at com.mchange.v2.c3p0.WrapperConnectionPoolDataSource.getPooledConnection(WrapperConnectionPoolDataSource.java:184)
	at com.mchange.v2.c3p0.impl.C3P0PooledConnectionPool$1PooledConnectionResourcePoolManager.acquireResource(C3P0PooledConnectionPool.java:200)
	at com.mchange.v2.resourcepool.BasicResourcePool.doAcquire(BasicResourcePool.java:1086)
	at com.mchange.v2.resourcepool.BasicResourcePool.doAcquireAndDecrementPendingAcquiresWithinLockOnSuccess(BasicResourcePool.java:1073)
	at com.mchange.v2.resourcepool.BasicResourcePool.access$800(BasicResourcePool.java:44)
	at com.mchange.v2.resourcepool.BasicResourcePool$ScatteredAcquireTask.run(BasicResourcePool.java:1810)
	at com.mchange.v2.async.ThreadPoolAsynchronousRunner$PoolThread.run(ThreadPoolAsynchronousRunner.java:648)
12:27:07,175  WARN BasicResourcePool:894 - Having failed to acquire a resource, com.mchange.v2.resourcepool.BasicResourcePool@16293aa2 is interrupting all Threads waiting on a resource to check out. Will try again in response to new client requests.
12:27:07,198  WARN BasicResourcePool:1851 - com.mchange.v2.resourcepool.BasicResourcePool$ScatteredAcquireTask@60ee7445 -- Acquisition Attempt Failed!!! Clearing pending acquires. While trying to acquire a needed new resource, we failed to succeed more than the maximum number of allowed acquisition attempts (30). Last acquisition attempt exception: 
java.sql.SQLException: Access denied for user 'test'@'localhost' (using password: YES)
	at com.mysql.jdbc.SQLError.createSQLException(SQLError.java:998)
	at com.mysql.jdbc.MysqlIO.checkErrorPacket(MysqlIO.java:3835)
	at com.mysql.jdbc.MysqlIO.checkErrorPacket(MysqlIO.java:3771)
	at com.mysql.jdbc.MysqlIO.checkErrorPacket(MysqlIO.java:870)
	at com.mysql.jdbc.MysqlIO.proceedHandshakeWithPluggableAuthentication(MysqlIO.java:1659)
	at com.mysql.jdbc.MysqlIO.doHandshake(MysqlIO.java:1206)
	at com.mysql.jdbc.ConnectionImpl.coreConnect(ConnectionImpl.java:2239)
	at com.mysql.jdbc.ConnectionImpl.connectOneTryOnly(ConnectionImpl.java:2270)
	at com.mysql.jdbc.ConnectionImpl.createNewIO(ConnectionImpl.java:2069)
	at com.mysql.jdbc.ConnectionImpl.<init>(ConnectionImpl.java:794)
	at com.mysql.jdbc.JDBC4Connection.<init>(JDBC4Connection.java:44)
	at sun.reflect.GeneratedConstructorAccessor7.newInstance(Unknown Source)
	at sun.reflect.DelegatingConstructorAccessorImpl.newInstance(DelegatingConstructorAccessorImpl.java:45)
	at java.lang.reflect.Constructor.newInstance(Constructor.java:408)
	at com.mysql.jdbc.Util.handleNewInstance(Util.java:389)
	at com.mysql.jdbc.ConnectionImpl.getInstance(ConnectionImpl.java:399)
	at com.mysql.jdbc.NonRegisteringDriver.connect(NonRegisteringDriver.java:325)
	at com.mchange.v2.c3p0.DriverManagerDataSource.getConnection(DriverManagerDataSource.java:146)
	at com.mchange.v2.c3p0.WrapperConnectionPoolDataSource.getPooledConnection(WrapperConnectionPoolDataSource.java:195)
	at com.mchange.v2.c3p0.WrapperConnectionPoolDataSource.getPooledConnection(WrapperConnectionPoolDataSource.java:184)
	at com.mchange.v2.c3p0.impl.C3P0PooledConnectionPool$1PooledConnectionResourcePoolManager.acquireResource(C3P0PooledConnectionPool.java:200)
	at com.mchange.v2.resourcepool.BasicResourcePool.doAcquire(BasicResourcePool.java:1086)
	at com.mchange.v2.resourcepool.BasicResourcePool.doAcquireAndDecrementPendingAcquiresWithinLockOnSuccess(BasicResourcePool.java:1073)
	at com.mchange.v2.resourcepool.BasicResourcePool.access$800(BasicResourcePool.java:44)
	at com.mchange.v2.resourcepool.BasicResourcePool$ScatteredAcquireTask.run(BasicResourcePool.java:1810)
	at com.mchange.v2.async.ThreadPoolAsynchronousRunner$PoolThread.run(ThreadPoolAsynchronousRunner.java:648)
12:27:07,199  WARN BasicResourcePool:894 - Having failed to acquire a resource, com.mchange.v2.resourcepool.BasicResourcePool@16293aa2 is interrupting all Threads waiting on a resource to check out. Will try again in response to new client requests.
12:27:07,199  WARN BasicResourcePool:1851 - com.mchange.v2.resourcepool.BasicResourcePool$ScatteredAcquireTask@32f3e42e -- Acquisition Attempt Failed!!! Clearing pending acquires. While trying to acquire a needed new resource, we failed to succeed more than the maximum number of allowed acquisition attempts (30). Last acquisition attempt exception: 
java.sql.SQLException: Access denied for user 'test'@'localhost' (using password: YES)
	at com.mysql.jdbc.SQLError.createSQLException(SQLError.java:998)
	at com.mysql.jdbc.MysqlIO.checkErrorPacket(MysqlIO.java:3835)
	at com.mysql.jdbc.MysqlIO.checkErrorPacket(MysqlIO.java:3771)
	at com.mysql.jdbc.MysqlIO.checkErrorPacket(MysqlIO.java:870)
	at com.mysql.jdbc.MysqlIO.proceedHandshakeWithPluggableAuthentication(MysqlIO.java:1659)
	at com.mysql.jdbc.MysqlIO.doHandshake(MysqlIO.java:1206)
	at com.mysql.jdbc.ConnectionImpl.coreConnect(ConnectionImpl.java:2239)
	at com.mysql.jdbc.ConnectionImpl.connectOneTryOnly(ConnectionImpl.java:2270)
	at com.mysql.jdbc.ConnectionImpl.createNewIO(ConnectionImpl.java:2069)
	at com.mysql.jdbc.ConnectionImpl.<init>(ConnectionImpl.java:794)
	at com.mysql.jdbc.JDBC4Connection.<init>(JDBC4Connection.java:44)
	at sun.reflect.GeneratedConstructorAccessor7.newInstance(Unknown Source)
	at sun.reflect.DelegatingConstructorAccessorImpl.newInstance(DelegatingConstructorAccessorImpl.java:45)
	at java.lang.reflect.Constructor.newInstance(Constructor.java:408)
	at com.mysql.jdbc.Util.handleNewInstance(Util.java:389)
	at com.mysql.jdbc.ConnectionImpl.getInstance(ConnectionImpl.java:399)
	at com.mysql.jdbc.NonRegisteringDriver.connect(NonRegisteringDriver.java:325)
	at com.mchange.v2.c3p0.DriverManagerDataSource.getConnection(DriverManagerDataSource.java:146)
	at com.mchange.v2.c3p0.WrapperConnectionPoolDataSource.getPooledConnection(WrapperConnectionPoolDataSource.java:195)
	at com.mchange.v2.c3p0.WrapperConnectionPoolDataSource.getPooledConnection(WrapperConnectionPoolDataSource.java:184)
	at com.mchange.v2.c3p0.impl.C3P0PooledConnectionPool$1PooledConnectionResourcePoolManager.acquireResource(C3P0PooledConnectionPool.java:200)
	at com.mchange.v2.resourcepool.BasicResourcePool.doAcquire(BasicResourcePool.java:1086)
	at com.mchange.v2.resourcepool.BasicResourcePool.doAcquireAndDecrementPendingAcquiresWithinLockOnSuccess(BasicResourcePool.java:1073)
	at com.mchange.v2.resourcepool.BasicResourcePool.access$800(BasicResourcePool.java:44)
	at com.mchange.v2.resourcepool.BasicResourcePool$ScatteredAcquireTask.run(BasicResourcePool.java:1810)
	at com.mchange.v2.async.ThreadPoolAsynchronousRunner$PoolThread.run(ThreadPoolAsynchronousRunner.java:648)
12:27:07,201  WARN BasicResourcePool:894 - Having failed to acquire a resource, com.mchange.v2.resourcepool.BasicResourcePool@16293aa2 is interrupting all Threads waiting on a resource to check out. Will try again in response to new client requests.
12:30:55,342  INFO Version:37 - HHH000412: Hibernate Core {5.0.1.Final}
12:30:55,348  INFO Environment:213 - HHH000206: hibernate.properties not found
12:30:55,352  INFO Environment:317 - HHH000021: Bytecode provider name : javassist
12:30:55,446  WARN deprecation:91 - HHH90000012: Recognized obsolete hibernate namespace http://hibernate.sourceforge.net/hibernate-configuration. Use namespace http://www.hibernate.org/dtd/hibernate-configuration instead.  Support for obsolete DTD/XSD namespaces may be removed at any time.
12:30:55,877  INFO Version:66 - HCANN000001: Hibernate Commons Annotations {5.0.0.Final}
12:30:55,909 DEBUG BasicTypeRegistry:135 - Adding type registration boolean -> org.hibernate.type.BooleanType@1b26f7b2
12:30:55,910 DEBUG BasicTypeRegistry:135 - Adding type registration boolean -> org.hibernate.type.BooleanType@1b26f7b2
12:30:55,910 DEBUG BasicTypeRegistry:135 - Adding type registration java.lang.Boolean -> org.hibernate.type.BooleanType@1b26f7b2
12:30:55,911 DEBUG BasicTypeRegistry:135 - Adding type registration numeric_boolean -> org.hibernate.type.NumericBooleanType@66d1af89
12:30:55,916 DEBUG BasicTypeRegistry:135 - Adding type registration true_false -> org.hibernate.type.TrueFalseType@52f759d7
12:30:55,917 DEBUG BasicTypeRegistry:135 - Adding type registration yes_no -> org.hibernate.type.YesNoType@569cfc36
12:30:55,919 DEBUG BasicTypeRegistry:135 - Adding type registration byte -> org.hibernate.type.ByteType@8e24743
12:30:55,920 DEBUG BasicTypeRegistry:135 - Adding type registration byte -> org.hibernate.type.ByteType@8e24743
12:30:55,920 DEBUG BasicTypeRegistry:135 - Adding type registration java.lang.Byte -> org.hibernate.type.ByteType@8e24743
12:30:55,922 DEBUG BasicTypeRegistry:135 - Adding type registration character -> org.hibernate.type.CharacterType@13eb8acf
12:30:55,923 DEBUG BasicTypeRegistry:135 - Adding type registration char -> org.hibernate.type.CharacterType@13eb8acf
12:30:55,923 DEBUG BasicTypeRegistry:135 - Adding type registration java.lang.Character -> org.hibernate.type.CharacterType@13eb8acf
12:30:55,926 DEBUG BasicTypeRegistry:135 - Adding type registration short -> org.hibernate.type.ShortType@17d0685f
12:30:55,926 DEBUG BasicTypeRegistry:135 - Adding type registration short -> org.hibernate.type.ShortType@17d0685f
12:30:55,926 DEBUG BasicTypeRegistry:135 - Adding type registration java.lang.Short -> org.hibernate.type.ShortType@17d0685f
12:30:55,928 DEBUG BasicTypeRegistry:135 - Adding type registration integer -> org.hibernate.type.IntegerType@365185bd
12:30:55,928 DEBUG BasicTypeRegistry:135 - Adding type registration int -> org.hibernate.type.IntegerType@365185bd
12:30:55,928 DEBUG BasicTypeRegistry:135 - Adding type registration java.lang.Integer -> org.hibernate.type.IntegerType@365185bd
12:30:55,931 DEBUG BasicTypeRegistry:135 - Adding type registration long -> org.hibernate.type.LongType@544a2ea6
12:30:55,931 DEBUG BasicTypeRegistry:135 - Adding type registration long -> org.hibernate.type.LongType@544a2ea6
12:30:55,931 DEBUG BasicTypeRegistry:135 - Adding type registration java.lang.Long -> org.hibernate.type.LongType@544a2ea6
12:30:55,934 DEBUG BasicTypeRegistry:135 - Adding type registration float -> org.hibernate.type.FloatType@706a04ae
12:30:55,935 DEBUG BasicTypeRegistry:135 - Adding type registration float -> org.hibernate.type.FloatType@706a04ae
12:30:55,935 DEBUG BasicTypeRegistry:135 - Adding type registration java.lang.Float -> org.hibernate.type.FloatType@706a04ae
12:30:55,937 DEBUG BasicTypeRegistry:135 - Adding type registration double -> org.hibernate.type.DoubleType@646007f4
12:30:55,937 DEBUG BasicTypeRegistry:135 - Adding type registration double -> org.hibernate.type.DoubleType@646007f4
12:30:55,938 DEBUG BasicTypeRegistry:135 - Adding type registration java.lang.Double -> org.hibernate.type.DoubleType@646007f4
12:30:55,942 DEBUG BasicTypeRegistry:135 - Adding type registration big_decimal -> org.hibernate.type.BigDecimalType@df27fae
12:30:55,943 DEBUG BasicTypeRegistry:135 - Adding type registration java.math.BigDecimal -> org.hibernate.type.BigDecimalType@df27fae
12:30:55,944 DEBUG BasicTypeRegistry:135 - Adding type registration big_integer -> org.hibernate.type.BigIntegerType@5c18298f
12:30:55,945 DEBUG BasicTypeRegistry:135 - Adding type registration java.math.BigInteger -> org.hibernate.type.BigIntegerType@5c18298f
12:30:55,946 DEBUG BasicTypeRegistry:135 - Adding type registration string -> org.hibernate.type.StringType@5d11346a
12:30:55,946 DEBUG BasicTypeRegistry:135 - Adding type registration java.lang.String -> org.hibernate.type.StringType@5d11346a
12:30:55,947 DEBUG BasicTypeRegistry:135 - Adding type registration nstring -> org.hibernate.type.StringNVarcharType@6fb0d3ed
12:30:55,949 DEBUG BasicTypeRegistry:135 - Adding type registration ncharacter -> org.hibernate.type.CharacterNCharType@68ceda24
12:30:55,951 DEBUG BasicTypeRegistry:135 - Adding type registration url -> org.hibernate.type.UrlType@4516af24
12:30:55,951 DEBUG BasicTypeRegistry:135 - Adding type registration java.net.URL -> org.hibernate.type.UrlType@4516af24
12:30:55,954 DEBUG BasicTypeRegistry:135 - Adding type registration date -> org.hibernate.type.DateType@15b3e5b
12:30:55,955 DEBUG BasicTypeRegistry:135 - Adding type registration java.sql.Date -> org.hibernate.type.DateType@15b3e5b
12:30:55,957 DEBUG BasicTypeRegistry:135 - Adding type registration time -> org.hibernate.type.TimeType@aecb35a
12:30:55,957 DEBUG BasicTypeRegistry:135 - Adding type registration java.sql.Time -> org.hibernate.type.TimeType@aecb35a
12:30:55,959 DEBUG BasicTypeRegistry:135 - Adding type registration timestamp -> org.hibernate.type.TimestampType@15bfd87
12:30:55,959 DEBUG BasicTypeRegistry:135 - Adding type registration java.sql.Timestamp -> org.hibernate.type.TimestampType@15bfd87
12:30:55,960 DEBUG BasicTypeRegistry:135 - Adding type registration java.util.Date -> org.hibernate.type.TimestampType@15bfd87
12:30:55,962 DEBUG BasicTypeRegistry:135 - Adding type registration dbtimestamp -> org.hibernate.type.DbTimestampType@2698dc7
12:30:55,963 DEBUG BasicTypeRegistry:135 - Adding type registration calendar -> org.hibernate.type.CalendarType@1d7acb34
12:30:55,964 DEBUG BasicTypeRegistry:135 - Adding type registration java.util.Calendar -> org.hibernate.type.CalendarType@1d7acb34
12:30:55,964 DEBUG BasicTypeRegistry:135 - Adding type registration java.util.GregorianCalendar -> org.hibernate.type.CalendarType@1d7acb34
12:30:55,965 DEBUG BasicTypeRegistry:135 - Adding type registration calendar_date -> org.hibernate.type.CalendarDateType@133e16fd
12:30:55,966 DEBUG BasicTypeRegistry:135 - Adding type registration locale -> org.hibernate.type.LocaleType@2473b9ce
12:30:55,967 DEBUG BasicTypeRegistry:135 - Adding type registration java.util.Locale -> org.hibernate.type.LocaleType@2473b9ce
12:30:55,968 DEBUG BasicTypeRegistry:135 - Adding type registration currency -> org.hibernate.type.CurrencyType@de3a06f
12:30:55,968 DEBUG BasicTypeRegistry:135 - Adding type registration java.util.Currency -> org.hibernate.type.CurrencyType@de3a06f
12:30:55,970 DEBUG BasicTypeRegistry:135 - Adding type registration timezone -> org.hibernate.type.TimeZoneType@3bd94634
12:30:55,970 DEBUG BasicTypeRegistry:135 - Adding type registration java.util.TimeZone -> org.hibernate.type.TimeZoneType@3bd94634
12:30:55,971 DEBUG BasicTypeRegistry:135 - Adding type registration class -> org.hibernate.type.ClassType@101df177
12:30:55,971 DEBUG BasicTypeRegistry:135 - Adding type registration java.lang.Class -> org.hibernate.type.ClassType@101df177
12:30:55,973 DEBUG BasicTypeRegistry:135 - Adding type registration uuid-binary -> org.hibernate.type.UUIDBinaryType@4e4aea35
12:30:55,974 DEBUG BasicTypeRegistry:135 - Adding type registration java.util.UUID -> org.hibernate.type.UUIDBinaryType@4e4aea35
12:30:55,974 DEBUG BasicTypeRegistry:135 - Adding type registration uuid-char -> org.hibernate.type.UUIDCharType@517cd4b
12:30:55,976 DEBUG BasicTypeRegistry:135 - Adding type registration binary -> org.hibernate.type.BinaryType@45afc369
12:30:55,976 DEBUG BasicTypeRegistry:135 - Adding type registration byte[] -> org.hibernate.type.BinaryType@45afc369
12:30:55,977 DEBUG BasicTypeRegistry:135 - Adding type registration [B -> org.hibernate.type.BinaryType@45afc369
12:30:55,978 DEBUG BasicTypeRegistry:135 - Adding type registration wrapper-binary -> org.hibernate.type.WrapperBinaryType@11c20519
12:30:55,979 DEBUG BasicTypeRegistry:135 - Adding type registration Byte[] -> org.hibernate.type.WrapperBinaryType@11c20519
12:30:55,979 DEBUG BasicTypeRegistry:135 - Adding type registration [Ljava.lang.Byte; -> org.hibernate.type.WrapperBinaryType@11c20519
12:30:55,980 DEBUG BasicTypeRegistry:135 - Adding type registration image -> org.hibernate.type.ImageType@282003e1
12:30:55,982 DEBUG BasicTypeRegistry:135 - Adding type registration characters -> org.hibernate.type.CharArrayType@62fdb4a6
12:30:55,982 DEBUG BasicTypeRegistry:135 - Adding type registration char[] -> org.hibernate.type.CharArrayType@62fdb4a6
12:30:55,982 DEBUG BasicTypeRegistry:135 - Adding type registration [C -> org.hibernate.type.CharArrayType@62fdb4a6
12:30:55,985 DEBUG BasicTypeRegistry:135 - Adding type registration wrapper-characters -> org.hibernate.type.CharacterArrayType@4ba2ca36
12:30:55,985 DEBUG BasicTypeRegistry:135 - Adding type registration [Ljava.lang.Character; -> org.hibernate.type.CharacterArrayType@4ba2ca36
12:30:55,985 DEBUG BasicTypeRegistry:135 - Adding type registration Character[] -> org.hibernate.type.CharacterArrayType@4ba2ca36
12:30:55,987 DEBUG BasicTypeRegistry:135 - Adding type registration text -> org.hibernate.type.TextType@80ec1f8
12:30:55,992 DEBUG BasicTypeRegistry:135 - Adding type registration ntext -> org.hibernate.type.NTextType@10b48321
12:30:55,998 DEBUG BasicTypeRegistry:135 - Adding type registration blob -> org.hibernate.type.BlobType@19dc67c2
12:30:55,998 DEBUG BasicTypeRegistry:135 - Adding type registration java.sql.Blob -> org.hibernate.type.BlobType@19dc67c2
12:30:55,999 DEBUG BasicTypeRegistry:135 - Adding type registration materialized_blob -> org.hibernate.type.MaterializedBlobType@dd3b207
12:30:56,004 DEBUG BasicTypeRegistry:135 - Adding type registration clob -> org.hibernate.type.ClobType@58134517
12:30:56,004 DEBUG BasicTypeRegistry:135 - Adding type registration java.sql.Clob -> org.hibernate.type.ClobType@58134517
12:30:56,009 DEBUG BasicTypeRegistry:135 - Adding type registration nclob -> org.hibernate.type.NClobType@62e136d3
12:30:56,010 DEBUG BasicTypeRegistry:135 - Adding type registration java.sql.NClob -> org.hibernate.type.NClobType@62e136d3
12:30:56,011 DEBUG BasicTypeRegistry:135 - Adding type registration materialized_clob -> org.hibernate.type.MaterializedClobType@57175e74
12:30:56,012 DEBUG BasicTypeRegistry:135 - Adding type registration materialized_nclob -> org.hibernate.type.MaterializedNClobType@1a052a00
12:30:56,014 DEBUG BasicTypeRegistry:135 - Adding type registration serializable -> org.hibernate.type.SerializableType@7f77e91b
12:30:56,018 DEBUG BasicTypeRegistry:135 - Adding type registration object -> org.hibernate.type.ObjectType@157632c9
12:30:56,018 DEBUG BasicTypeRegistry:135 - Adding type registration java.lang.Object -> org.hibernate.type.ObjectType@157632c9
12:30:56,021 DEBUG BasicTypeRegistry:135 - Adding type registration imm_date -> org.hibernate.type.AdaptedImmutableType@275710fc
12:30:56,021 DEBUG BasicTypeRegistry:135 - Adding type registration imm_time -> org.hibernate.type.AdaptedImmutableType@75f9eccc
12:30:56,021 DEBUG BasicTypeRegistry:135 - Adding type registration imm_timestamp -> org.hibernate.type.AdaptedImmutableType@4de5031f
12:30:56,022 DEBUG BasicTypeRegistry:135 - Adding type registration imm_dbtimestamp -> org.hibernate.type.AdaptedImmutableType@5d47c63f
12:30:56,022 DEBUG BasicTypeRegistry:135 - Adding type registration imm_calendar -> org.hibernate.type.AdaptedImmutableType@3bbc39f8
12:30:56,023 DEBUG BasicTypeRegistry:135 - Adding type registration imm_calendar_date -> org.hibernate.type.AdaptedImmutableType@29f69090
12:30:56,023 DEBUG BasicTypeRegistry:135 - Adding type registration imm_binary -> org.hibernate.type.AdaptedImmutableType@ca263c2
12:30:56,023 DEBUG BasicTypeRegistry:135 - Adding type registration imm_serializable -> org.hibernate.type.AdaptedImmutableType@45f45fa1
12:30:56,048  INFO C3P0ConnectionProvider:117 - HHH010002: C3P0 using driver: com.mysql.jdbc.Driver at URL: jdbc:mysql://localhost:3306/testHibernate
12:30:56,048  INFO C3P0ConnectionProvider:118 - HHH000046: Connection properties: {user=root, password=****}
12:30:56,049  INFO C3P0ConnectionProvider:121 - HHH000006: Autocommit mode: false
12:30:56,080  INFO MLog:92 - MLog clients using log4j logging.
12:30:56,283  INFO C3P0Registry:216 - Initializing c3p0-0.9.2.1 [built 20-March-2013 10:47:27 +0000; debug? true; trace: 10]
12:30:56,349  INFO C3P0ConnectionProvider:201 - HHH000149: JDBC isolation level: <unknown>
12:30:56,381  INFO AbstractPoolBackedDataSource:522 - Initializing c3p0 pool... com.mchange.v2.c3p0.PoolBackedDataSource@33b62328 [ connectionPoolDataSource -> com.mchange.v2.c3p0.WrapperConnectionPoolDataSource@39738263 [ acquireIncrement -> 3, acquireRetryAttempts -> 30, acquireRetryDelay -> 1000, autoCommitOnClose -> false, automaticTestTable -> null, breakAfterAcquireFailure -> false, checkoutTimeout -> 0, connectionCustomizerClassName -> null, connectionTesterClassName -> com.mchange.v2.c3p0.impl.DefaultConnectionTester, debugUnreturnedConnectionStackTraces -> false, factoryClassLocation -> null, forceIgnoreUnresolvedTransactions -> false, identityToken -> 1hge0ys9d1js06iyhshqcg|50a638b5, idleConnectionTestPeriod -> 3000, initialPoolSize -> 1, maxAdministrativeTaskTime -> 0, maxConnectionAge -> 0, maxIdleTime -> 300, maxIdleTimeExcessConnections -> 0, maxPoolSize -> 20, maxStatements -> 50, maxStatementsPerConnection -> 0, minPoolSize -> 1, nestedDataSource -> com.mchange.v2.c3p0.DriverManagerDataSource@173be2f0 [ description -> null, driverClass -> null, factoryClassLocation -> null, identityToken -> 1hge0ys9d1js06iyhshqcg|5276e6b0, jdbcUrl -> jdbc:mysql://localhost:3306/testHibernate, properties -> {user=******, password=******} ], preferredTestQuery -> null, propertyCycle -> 0, statementCacheNumDeferredCloseThreads -> 0, testConnectionOnCheckin -> false, testConnectionOnCheckout -> false, unreturnedConnectionTimeout -> 0, usesTraditionalReflectiveProxies -> false; userOverrides: {} ], dataSourceName -> null, factoryClassLocation -> null, identityToken -> 1hge0ys9d1js06iyhshqcg|647e447, numHelperThreads -> 3 ]
12:30:56,948  INFO Dialect:154 - HHH000400: Using dialect: org.hibernate.dialect.MySQLDialect
12:30:57,034  INFO LobCreatorBuilderImpl:124 - HHH000424: Disabling contextual LOB creation as createClob() method threw error : java.lang.reflect.InvocationTargetException
12:30:57,827 TRACE TypeFactory:54 - Scoping types to session factory org.hibernate.internal.SessionFactoryImpl@12d2ce03
12:30:58,263  INFO SchemaExport:400 - HHH000227: Running hbm2ddl schema export
12:30:58,437 ERROR SchemaExport:483 - HHH000389: Unsuccessful: alter table book_author drop foreign key FKro54jqpth9cqm1899dnuu9lqg
12:30:58,437 ERROR SchemaExport:484 - Table 'testhibernate.book_author' doesn't exist
12:30:58,441 ERROR SchemaExport:483 - HHH000389: Unsuccessful: alter table book_author drop foreign key FK91ierknt446aaqnjl4uxjyls3
12:30:58,442 ERROR SchemaExport:484 - Table 'testhibernate.book_author' doesn't exist
12:30:58,445 ERROR SchemaExport:483 - HHH000389: Unsuccessful: alter table groups_users_groups drop foreign key FKrj685qpjsk01fqarvyfoxbgbx
12:30:58,446 ERROR SchemaExport:484 - Table 'testhibernate.groups_users_groups' doesn't exist
12:30:58,449 ERROR SchemaExport:483 - HHH000389: Unsuccessful: alter table groups_users_groups drop foreign key FK6l857qmbi2ovji5u9kd8shbyx
12:30:58,450 ERROR SchemaExport:484 - Table 'testhibernate.groups_users_groups' doesn't exist
12:30:58,452 ERROR SchemaExport:483 - HHH000389: Unsuccessful: alter table stock_category drop foreign key FKf2gme4xlhulyvt2tl2qepixk6
12:30:58,453 ERROR SchemaExport:484 - Table 'testhibernate.stock_category' doesn't exist
12:30:58,456 ERROR SchemaExport:483 - HHH000389: Unsuccessful: alter table stock_category drop foreign key FK3fj8v54n68xl4tgkvmoykbmf6
12:30:58,456 ERROR SchemaExport:484 - Table 'testhibernate.stock_category' doesn't exist
12:30:58,459 ERROR SchemaExport:483 - HHH000389: Unsuccessful: alter table stockDailyRecords drop foreign key FKbumqrlxdn9p1j71m7o38prs1n
12:30:58,460 ERROR SchemaExport:484 - Table 'testhibernate.stockdailyrecords' doesn't exist
12:30:58,464 ERROR SchemaExport:483 - HHH000389: Unsuccessful: alter table users_groups drop foreign key FKggimqo8cv8s5p5wcjmlioodyw
12:30:58,464 ERROR SchemaExport:484 - Table 'testhibernate.users_groups' doesn't exist
12:30:58,470 ERROR SchemaExport:483 - HHH000389: Unsuccessful: alter table users_groups drop foreign key FKg6fu0mfuj9eqfd9aro1nc40nn
12:30:58,473 ERROR SchemaExport:484 - Table 'testhibernate.users_groups' doesn't exist
12:30:58,478 ERROR SchemaExport:483 - HHH000389: Unsuccessful: alter table users_users_groups drop foreign key FKt4yp3hd5h7log3sf39yqf1b2w
12:30:58,488 ERROR SchemaExport:484 - Table 'testhibernate.users_users_groups' doesn't exist
12:30:58,491 ERROR SchemaExport:483 - HHH000389: Unsuccessful: alter table users_users_groups drop foreign key FKswoelu5a3vevnsxebomm14ubt
12:30:58,492 ERROR SchemaExport:484 - Table 'testhibernate.users_users_groups' doesn't exist
12:31:01,653  INFO SchemaExport:463 - HHH000230: Schema export complete
12:31:02,065 TRACE BasicBinder:64 - binding parameter [1] as [VARCHAR] - [stockCode1]
12:31:02,066 TRACE BasicBinder:64 - binding parameter [2] as [VARCHAR] - [stockName1]
12:31:02,127 TRACE BasicBinder:64 - binding parameter [1] as [VARCHAR] - [Java]
12:31:02,204 TRACE BasicBinder:64 - binding parameter [1] as [VARCHAR] - [compDescription1]
12:31:02,204 TRACE BasicBinder:64 - binding parameter [2] as [VARCHAR] - [compName1]
12:31:02,237 TRACE BasicBinder:64 - binding parameter [3] as [DATE] - [Tue Dec 22 12:31:01 FET 2015]
12:31:02,242 TRACE BasicBinder:64 - binding parameter [4] as [VARCHAR] - [remark1]
12:31:02,243 TRACE BasicBinder:64 - binding parameter [5] as [INTEGER] - [1]
12:31:02,264 TRACE BasicBinder:64 - binding parameter [1] as [VARCHAR] - [stockCode2]
12:31:02,265 TRACE BasicBinder:64 - binding parameter [2] as [VARCHAR] - [stockName2]
12:31:02,269 TRACE BasicBinder:64 - binding parameter [1] as [TIMESTAMP] - [Tue Dec 22 12:31:01 FET 2015]
12:31:02,271 TRACE BasicBinder:64 - binding parameter [2] as [FLOAT] - [19.0]
12:31:02,271 TRACE BasicBinder:64 - binding parameter [3] as [FLOAT] - [21.5]
12:31:02,272 TRACE BasicBinder:64 - binding parameter [4] as [FLOAT] - [15.9]
12:31:02,272 TRACE BasicBinder:64 - binding parameter [5] as [INTEGER] - [2]
12:31:02,273 TRACE BasicBinder:64 - binding parameter [6] as [BIGINT] - [19056]
12:31:02,293 TRACE BasicBinder:64 - binding parameter [1] as [VARCHAR] - [Vasilii]
12:31:02,295 TRACE BasicBinder:64 - binding parameter [2] as [VARCHAR] - [Vasiliev]
12:31:02,312 TRACE BasicBinder:64 - binding parameter [1] as [VARCHAR] - [Java 8 description]
12:31:02,313 TRACE BasicBinder:64 - binding parameter [2] as [VARCHAR] - [Java 8]
12:31:02,317 TRACE BasicBinder:64 - binding parameter [1] as [INTEGER] - [1]
12:31:02,318 TRACE BasicBinder:64 - binding parameter [2] as [INTEGER] - [1]
12:31:02,424 TRACE BasicBinder:64 - binding parameter [1] as [VARCHAR] - [Ivanov]
12:31:02,424 TRACE BasicBinder:64 - binding parameter [2] as [DATE] - [Tue Dec 22 12:31:02 FET 2015]
12:31:02,425 TRACE BasicBinder:64 - binding parameter [3] as [INTEGER] - [1]
12:31:02,426 TRACE BasicBinder:64 - binding parameter [4] as [INTEGER] - [1]
12:31:02,429 TRACE BasicBinder:64 - binding parameter [1] as [VARCHAR] - [group1]
12:31:02,430 TRACE BasicBinder:64 - binding parameter [2] as [BIGINT] - [2]
12:31:02,434 TRACE BasicBinder:64 - binding parameter [1] as [VARCHAR] - [vasya@mail.ru]
12:31:02,435 TRACE BasicBinder:64 - binding parameter [2] as [VARCHAR] - [password]
12:31:02,436 TRACE BasicBinder:64 - binding parameter [3] as [VARCHAR] - [username]
12:31:02,436 TRACE BasicBinder:64 - binding parameter [4] as [BIGINT] - [3]
12:31:02,442 TRACE BasicBinder:64 - binding parameter [1] as [BOOLEAN] - [false]
12:31:02,443 TRACE BasicBinder:64 - binding parameter [2] as [BIGINT] - [2]
12:31:02,445 TRACE BasicBinder:64 - binding parameter [3] as [DATE] - [Tue Dec 22 12:31:02 FET 2015]
12:31:02,446 TRACE BasicBinder:64 - binding parameter [4] as [BIGINT] - [3]
12:31:02,477 TRACE BasicBinder:64 - binding parameter [5] as [BIGINT] - [1]
12:31:02,497 TRACE BasicBinder:64 - binding parameter [1] as [INTEGER] - [1]
12:31:02,498 TRACE BasicBinder:64 - binding parameter [2] as [INTEGER] - [1]
12:31:02,528 TRACE BasicBinder:64 - binding parameter [1] as [INTEGER] - [2]
12:31:02,528 TRACE BasicBinder:64 - binding parameter [2] as [INTEGER] - [1]
